2022-06-05 13:33:47:3347 [32minfo[39m: 	[32mConnected[39m
2022-06-05 13:33:47:3347 [32minfo[39m: 	[32m#######################[39m
2022-06-05 13:33:47:3347 [32minfo[39m: 	[32m#######################[39m
2022-06-05 13:33:47:3347 [32minfo[39m: 	[32m###### API REST ######[39m
2022-06-05 13:33:47:3347 [32minfo[39m: 	[32m#######################[39m
2022-06-05 13:33:47:3347 [32minfo[39m: 	[32m#######################[39m
2022-06-05 13:33:47:3347 [32minfo[39m: 	[32mhttp://localhost:3977/api/v1/[39m
2022-06-05 13:34:11:3411 [32minfo[39m: 	[32mConnected[39m
2022-06-05 13:37:58:3758 [32minfo[39m: 	[32mConnected[39m
2022-06-05 13:37:58:3758 [32minfo[39m: 	[32m#######################[39m
2022-06-05 13:37:58:3758 [32minfo[39m: 	[32m#######################[39m
2022-06-05 13:37:58:3758 [32minfo[39m: 	[32m###### API REST ######[39m
2022-06-05 13:37:58:3758 [32minfo[39m: 	[32m#######################[39m
2022-06-05 13:37:58:3758 [32minfo[39m: 	[32m#######################[39m
2022-06-05 13:37:58:3758 [32minfo[39m: 	[32mhttp://localhost:3977/api/v1/[39m
2022-06-05 13:38:19:3819 [32minfo[39m: 	[32mConnected[39m
2022-06-05 13:40:23:4023 [32minfo[39m: 	[32mConnected[39m
2022-06-05 13:40:23:4023 [32minfo[39m: 	[32m#######################[39m
2022-06-05 13:40:23:4023 [32minfo[39m: 	[32m#######################[39m
2022-06-05 13:40:23:4023 [32minfo[39m: 	[32m###### API REST ######[39m
2022-06-05 13:40:23:4023 [32minfo[39m: 	[32m#######################[39m
2022-06-05 13:40:23:4023 [32minfo[39m: 	[32m#######################[39m
2022-06-05 13:40:23:4023 [32minfo[39m: 	[32mhttp://localhost:3977/api/v1/[39m
2022-06-05 13:40:28:4028 [32minfo[39m: 	[32mConnected[39m
2022-06-05 13:40:28:4028 [32minfo[39m: 	[32m#######################[39m
2022-06-05 13:40:28:4028 [32minfo[39m: 	[32m#######################[39m
2022-06-05 13:40:28:4028 [32minfo[39m: 	[32m###### API REST ######[39m
2022-06-05 13:40:28:4028 [32minfo[39m: 	[32m#######################[39m
2022-06-05 13:40:28:4028 [32minfo[39m: 	[32m#######################[39m
2022-06-05 13:40:28:4028 [32minfo[39m: 	[32mhttp://localhost:3977/api/v1/[39m
2022-06-05 13:40:29:4029 [32minfo[39m: 	[32mConnected[39m
2022-06-05 13:40:29:4029 [32minfo[39m: 	[32m#######################[39m
2022-06-05 13:40:29:4029 [32minfo[39m: 	[32m#######################[39m
2022-06-05 13:40:29:4029 [32minfo[39m: 	[32m###### API REST ######[39m
2022-06-05 13:40:29:4029 [32minfo[39m: 	[32m#######################[39m
2022-06-05 13:40:29:4029 [32minfo[39m: 	[32m#######################[39m
2022-06-05 13:40:29:4029 [32minfo[39m: 	[32mhttp://localhost:3977/api/v1/[39m
2022-06-05 13:40:53:4053 [32minfo[39m: 	[32mConnected[39m
2022-06-05 13:40:53:4053 [32minfo[39m: 	[32m#######################[39m
2022-06-05 13:40:53:4053 [32minfo[39m: 	[32m#######################[39m
2022-06-05 13:40:53:4053 [32minfo[39m: 	[32m###### API REST ######[39m
2022-06-05 13:40:53:4053 [32minfo[39m: 	[32m#######################[39m
2022-06-05 13:40:53:4053 [32minfo[39m: 	[32m#######################[39m
2022-06-05 13:40:53:4053 [32minfo[39m: 	[32mhttp://localhost:3977/api/v1/[39m
2022-06-05 13:42:17:4217 [32minfo[39m: 	[32mConnected[39m
2022-06-05 13:42:17:4217 [32minfo[39m: 	[32m#######################[39m
2022-06-05 13:42:17:4217 [32minfo[39m: 	[32m#######################[39m
2022-06-05 13:42:17:4217 [32minfo[39m: 	[32m###### API REST ######[39m
2022-06-05 13:42:17:4217 [32minfo[39m: 	[32m#######################[39m
2022-06-05 13:42:17:4217 [32minfo[39m: 	[32m#######################[39m
2022-06-05 13:42:17:4217 [32minfo[39m: 	[32mhttp://localhost:3977/api/v1/[39m
2022-06-05 13:42:39:4239 [32minfo[39m: 	[32mConnected[39m
2022-06-05 13:42:39:4239 [32minfo[39m: 	[32m#######################[39m
2022-06-05 13:42:39:4239 [32minfo[39m: 	[32m#######################[39m
2022-06-05 13:42:39:4239 [32minfo[39m: 	[32m###### API REST ######[39m
2022-06-05 13:42:39:4239 [32minfo[39m: 	[32m#######################[39m
2022-06-05 13:42:39:4239 [32minfo[39m: 	[32m#######################[39m
2022-06-05 13:42:39:4239 [32minfo[39m: 	[32mhttp://localhost:3977/api/v1/[39m
2022-06-05 13:43:08:438 [32minfo[39m: 	[32mConnected[39m
2022-06-05 13:43:08:438 [32minfo[39m: 	[32m#######################[39m
2022-06-05 13:43:08:438 [32minfo[39m: 	[32m#######################[39m
2022-06-05 13:43:08:438 [32minfo[39m: 	[32m###### API REST ######[39m
2022-06-05 13:43:08:438 [32minfo[39m: 	[32m#######################[39m
2022-06-05 13:43:08:438 [32minfo[39m: 	[32m#######################[39m
2022-06-05 13:43:08:438 [32minfo[39m: 	[32mhttp://localhost:3977/api/v1/[39m
2022-06-05 13:43:12:4312 [32minfo[39m: 	[32mConnected[39m
2022-06-05 13:43:12:4312 [32minfo[39m: 	[32m#######################[39m
2022-06-05 13:43:12:4312 [32minfo[39m: 	[32m#######################[39m
2022-06-05 13:43:12:4312 [32minfo[39m: 	[32m###### API REST ######[39m
2022-06-05 13:43:12:4312 [32minfo[39m: 	[32m#######################[39m
2022-06-05 13:43:12:4312 [32minfo[39m: 	[32m#######################[39m
2022-06-05 13:43:12:4312 [32minfo[39m: 	[32mhttp://localhost:3977/api/v1/[39m
2022-06-05 13:43:34:4334 [32minfo[39m: 	[32mConnected[39m
2022-06-05 13:43:34:4334 [32minfo[39m: 	[32m#######################[39m
2022-06-05 13:43:34:4334 [32minfo[39m: 	[32m#######################[39m
2022-06-05 13:43:34:4334 [32minfo[39m: 	[32m###### API REST ######[39m
2022-06-05 13:43:34:4334 [32minfo[39m: 	[32m#######################[39m
2022-06-05 13:43:34:4334 [32minfo[39m: 	[32m#######################[39m
2022-06-05 13:43:34:4334 [32minfo[39m: 	[32mhttp://localhost:3977/api/v1/[39m
2022-06-05 13:46:49:4649 [32minfo[39m: 	[32mConnected[39m
2022-06-05 13:46:49:4649 [32minfo[39m: 	[32m#######################[39m
2022-06-05 13:46:49:4649 [32minfo[39m: 	[32m#######################[39m
2022-06-05 13:46:49:4649 [32minfo[39m: 	[32m###### API REST ######[39m
2022-06-05 13:46:49:4649 [32minfo[39m: 	[32m#######################[39m
2022-06-05 13:46:49:4649 [32minfo[39m: 	[32m#######################[39m
2022-06-05 13:46:49:4649 [32minfo[39m: 	[32mhttp://localhost:3977/api/v1/[39m
2022-06-05 13:47:27:4727 [32minfo[39m: 	[32mThe `uri` parameter to `openUri()` must be a string, got "undefined". Make sure the first parameter to `mongoose.connect()` or `mongoose.createConnection()` is a string.[39m
2022-06-05 13:55:44:5544 [32minfo[39m: 	[32mThe `uri` parameter to `openUri()` must be a string, got "undefined". Make sure the first parameter to `mongoose.connect()` or `mongoose.createConnection()` is a string.[39m
2022-06-05 13:55:55:5555 [32minfo[39m: 	[32mThe `uri` parameter to `openUri()` must be a string, got "undefined". Make sure the first parameter to `mongoose.connect()` or `mongoose.createConnection()` is a string.[39m
2022-06-05 13:56:30:5630 [32minfo[39m: 	[32mThe `uri` parameter to `openUri()` must be a string, got "undefined". Make sure the first parameter to `mongoose.connect()` or `mongoose.createConnection()` is a string.[39m
2022-06-05 13:57:43:5743 [32minfo[39m: 	[32mThe `uri` parameter to `openUri()` must be a string, got "undefined". Make sure the first parameter to `mongoose.connect()` or `mongoose.createConnection()` is a string.[39m
2022-06-05 13:57:46:5746 [32minfo[39m: 	
2022-06-05 13:57:46:5746 [32minfo[39m: 	[32mThe `uri` parameter to `openUri()` must be a string, got "undefined". Make sure the first parameter to `mongoose.connect()` or `mongoose.createConnection()` is a string.[39m
2022-06-05 13:57:48:5748 [32minfo[39m: 	
2022-06-05 13:57:48:5748 [32minfo[39m: 	[32mThe `uri` parameter to `openUri()` must be a string, got "undefined". Make sure the first parameter to `mongoose.connect()` or `mongoose.createConnection()` is a string.[39m
2022-06-05 13:57:52:5752 [32minfo[39m: 	[32mMONGO_DB_URI, MONGO_DB_URI_TEST, NODE_ENV[39m
2022-06-05 13:57:52:5752 [32minfo[39m: 	[32mThe `uri` parameter to `openUri()` must be a string, got "undefined". Make sure the first parameter to `mongoose.connect()` or `mongoose.createConnection()` is a string.[39m
2022-06-05 13:57:53:5753 [32minfo[39m: 	[32mMONGO_DB_URI, MONGO_DB_URI_TEST, NODE_ENV[39m
2022-06-05 13:57:53:5753 [32minfo[39m: 	[32mThe `uri` parameter to `openUri()` must be a string, got "undefined". Make sure the first parameter to `mongoose.connect()` or `mongoose.createConnection()` is a string.[39m
2022-06-05 13:57:56:5756 [32minfo[39m: 	[32mMONGO_DB_URI, MONGO_DB_URI_TEST, NODE_ENV[39m
2022-06-05 13:57:56:5756 [32minfo[39m: 	[32mThe `uri` parameter to `openUri()` must be a string, got "undefined". Make sure the first parameter to `mongoose.connect()` or `mongoose.createConnection()` is a string.[39m
2022-06-05 13:59:03:593 [32minfo[39m: 	[32mMONGO_DB_URI, MONGO_DB_URI_TEST, NODE_ENV[39m
2022-06-05 13:59:03:593 [32minfo[39m: 	[32mThe `uri` parameter to `openUri()` must be a string, got "undefined". Make sure the first parameter to `mongoose.connect()` or `mongoose.createConnection()` is a string.[39m
2022-06-05 14:02:59:259 [32minfo[39m: 	[32mMONGO_DB_URI, MONGO_DB_URI_TEST, NODE_ENV[39m
2022-06-05 14:02:59:259 [32minfo[39m: 	[32mThe `uri` parameter to `openUri()` must be a string, got "undefined". Make sure the first parameter to `mongoose.connect()` or `mongoose.createConnection()` is a string.[39m
2022-06-05 14:03:58:358 [32minfo[39m: 	[32mMONGO_DB_URI, MONGO_DB_URI_TEST, NODE_ENV[39m
2022-06-05 14:03:58:358 [32minfo[39m: 	[32mThe `uri` parameter to `openUri()` must be a string, got "undefined". Make sure the first parameter to `mongoose.connect()` or `mongoose.createConnection()` is a string.[39m
2022-06-05 14:04:09:49 [32minfo[39m: 	[32mMONGO_DB_URI, MONGO_DB_URI_TEST, NODE_ENV[39m
2022-06-05 14:04:09:49 [32minfo[39m: 	[32mThe `uri` parameter to `openUri()` must be a string, got "undefined". Make sure the first parameter to `mongoose.connect()` or `mongoose.createConnection()` is a string.[39m
2022-06-05 14:06:25:625 [32minfo[39m: 	[32mMONGO_DB_URI, MONGO_DB_URI_TEST, NODE_ENV[39m
2022-06-05 14:06:25:625 [32minfo[39m: 	[32mConnected[39m
2022-06-05 14:06:25:625 [32minfo[39m: 	[32m#######################[39m
2022-06-05 14:06:25:625 [32minfo[39m: 	[32m#######################[39m
2022-06-05 14:06:25:625 [32minfo[39m: 	[32m###### API REST ######[39m
2022-06-05 14:06:25:625 [32minfo[39m: 	[32m#######################[39m
2022-06-05 14:06:25:625 [32minfo[39m: 	[32m#######################[39m
2022-06-05 14:06:25:625 [32minfo[39m: 	[32mhttp://localhost:3977/api/v1/[39m
2022-06-05 14:06:44:644 [32minfo[39m: 	[32mMONGO_DB_URI, MONGO_DB_URI_TEST, NODE_ENV[39m
2022-06-05 14:06:45:645 [32minfo[39m: 	[32mConnected[39m
2022-06-05 14:06:45:645 [32minfo[39m: 	[32m#######################[39m
2022-06-05 14:06:45:645 [32minfo[39m: 	[32m#######################[39m
2022-06-05 14:06:45:645 [32minfo[39m: 	[32m###### API REST ######[39m
2022-06-05 14:06:45:645 [32minfo[39m: 	[32m#######################[39m
2022-06-05 14:06:45:645 [32minfo[39m: 	[32m#######################[39m
2022-06-05 14:06:45:645 [32minfo[39m: 	[32mhttp://localhost:3977/api/v1/[39m
2022-06-05 14:07:04:74 [32minfo[39m: 	[32mMONGO_DB_URI, MONGO_DB_URI_TEST, NODE_ENV[39m
2022-06-05 14:07:04:74 [32minfo[39m: 	[32mConnected[39m
2022-06-05 14:07:04:74 [32minfo[39m: 	[32m#######################[39m
2022-06-05 14:07:04:74 [32minfo[39m: 	[32m#######################[39m
2022-06-05 14:07:04:74 [32minfo[39m: 	[32m###### API REST ######[39m
2022-06-05 14:07:04:74 [32minfo[39m: 	[32m#######################[39m
2022-06-05 14:07:04:74 [32minfo[39m: 	[32m#######################[39m
2022-06-05 14:07:04:74 [32minfo[39m: 	[32mhttp://localhost:3977/api/v1/[39m
2022-06-05 14:20:07:207 [32minfo[39m: 	[32mMONGO_DB_URI, MONGO_DB_URI_TEST, NODE_ENV[39m
2022-06-05 14:20:08:208 [32minfo[39m: 	[32mConnected[39m
2022-06-05 14:20:08:208 [32minfo[39m: 	[32m#######################[39m
2022-06-05 14:20:08:208 [32minfo[39m: 	[32m#######################[39m
2022-06-05 14:20:08:208 [32minfo[39m: 	[32m###### API REST ######[39m
2022-06-05 14:20:08:208 [32minfo[39m: 	[32m#######################[39m
2022-06-05 14:20:08:208 [32minfo[39m: 	[32m#######################[39m
2022-06-05 14:20:08:208 [32minfo[39m: 	[32mhttp://localhost:3977/api/v1/[39m
2022-06-05 14:23:33:2333 [32minfo[39m: 	[32mMONGO_DB_URI, MONGO_DB_URI_TEST, NODE_ENV[39m
2022-06-05 14:23:41:2341 [32minfo[39m: 	[32mConnected[39m
2022-06-05 14:23:41:2341 [32minfo[39m: 	[32m#######################[39m
2022-06-05 14:23:41:2341 [32minfo[39m: 	[32m#######################[39m
2022-06-05 14:23:41:2341 [32minfo[39m: 	[32m###### API REST ######[39m
2022-06-05 14:23:41:2341 [32minfo[39m: 	[32m#######################[39m
2022-06-05 14:23:41:2341 [32minfo[39m: 	[32m#######################[39m
2022-06-05 14:23:41:2341 [32minfo[39m: 	[32mhttp://localhost:3977/api/v1/[39m
2022-06-05 14:24:31:2431 [32minfo[39m: 	[32mMONGO_DB_URI, MONGO_DB_URI_TEST, NODE_ENV[39m
2022-06-05 14:24:32:2432 [32minfo[39m: 	[32mConnected[39m
2022-06-05 14:24:32:2432 [32minfo[39m: 	[32m#######################[39m
2022-06-05 14:24:32:2432 [32minfo[39m: 	[32m#######################[39m
2022-06-05 14:24:32:2432 [32minfo[39m: 	[32m###### API REST ######[39m
2022-06-05 14:24:32:2432 [32minfo[39m: 	[32m#######################[39m
2022-06-05 14:24:32:2432 [32minfo[39m: 	[32m#######################[39m
2022-06-05 14:24:32:2432 [32minfo[39m: 	[32mhttp://localhost:3977/api/v1/[39m
2022-06-05 14:24:33:2433 [32minfo[39m: 	[32mMONGO_DB_URI, MONGO_DB_URI_TEST, NODE_ENV[39m
2022-06-05 14:24:34:2434 [32minfo[39m: 	[32mConnected[39m
2022-06-05 14:24:34:2434 [32minfo[39m: 	[32m#######################[39m
2022-06-05 14:24:34:2434 [32minfo[39m: 	[32m#######################[39m
2022-06-05 14:24:34:2434 [32minfo[39m: 	[32m###### API REST ######[39m
2022-06-05 14:24:34:2434 [32minfo[39m: 	[32m#######################[39m
2022-06-05 14:24:34:2434 [32minfo[39m: 	[32m#######################[39m
2022-06-05 14:24:34:2434 [32minfo[39m: 	[32mhttp://localhost:3977/api/v1/[39m
2022-06-05 14:24:35:2435 [32minfo[39m: 	[32mMONGO_DB_URI, MONGO_DB_URI_TEST, NODE_ENV[39m
2022-06-05 14:24:35:2435 [32minfo[39m: 	[32mConnected[39m
2022-06-05 14:24:35:2435 [32minfo[39m: 	[32m#######################[39m
2022-06-05 14:24:35:2435 [32minfo[39m: 	[32m#######################[39m
2022-06-05 14:24:35:2435 [32minfo[39m: 	[32m###### API REST ######[39m
2022-06-05 14:24:35:2435 [32minfo[39m: 	[32m#######################[39m
2022-06-05 14:24:35:2435 [32minfo[39m: 	[32m#######################[39m
2022-06-05 14:24:35:2435 [32minfo[39m: 	[32mhttp://localhost:3977/api/v1/[39m
2022-06-05 14:24:43:2443 [32minfo[39m: 	[32mMONGO_DB_URI, MONGO_DB_URI_TEST, NODE_ENV[39m
2022-06-05 14:24:43:2443 [32minfo[39m: 	[32mConnected[39m
2022-06-05 14:24:43:2443 [32minfo[39m: 	[32m#######################[39m
2022-06-05 14:24:43:2443 [32minfo[39m: 	[32m#######################[39m
2022-06-05 14:24:43:2443 [32minfo[39m: 	[32m###### API REST ######[39m
2022-06-05 14:24:43:2443 [32minfo[39m: 	[32m#######################[39m
2022-06-05 14:24:43:2443 [32minfo[39m: 	[32m#######################[39m
2022-06-05 14:24:43:2443 [32minfo[39m: 	[32mhttp://localhost:3977/api/v1/[39m
2022-06-05 14:25:10:2510 [32minfo[39m: 	[32mMONGO_DB_URI, MONGO_DB_URI_TEST, NODE_ENV[39m
2022-06-05 14:25:17:2517 [32minfo[39m: 	[32mmongodb+srv://dani:MongoGnab8841@cluster0.cms2n.mongodb.net/xacometer[39m
2022-06-05 14:25:18:2518 [32minfo[39m: 	[32mConnected[39m
2022-06-05 14:25:18:2518 [32minfo[39m: 	[32m#######################[39m
2022-06-05 14:25:18:2518 [32minfo[39m: 	[32m#######################[39m
2022-06-05 14:25:18:2518 [32minfo[39m: 	[32m###### API REST ######[39m
2022-06-05 14:25:18:2518 [32minfo[39m: 	[32m#######################[39m
2022-06-05 14:25:18:2518 [32minfo[39m: 	[32m#######################[39m
2022-06-05 14:25:18:2518 [32minfo[39m: 	[32mhttp://localhost:3977/api/v1/[39m
2022-06-05 14:25:38:2538 [32minfo[39m: 	[32mMONGO_DB_URI mongodb+srv://dani:MongoGnab8841@cluster0.cms2n.mongodb.net/xacometer, MONGO_DB_URI_TEST, NODE_ENV[39m
2022-06-05 14:25:38:2538 [32minfo[39m: 	[32mConnected[39m
2022-06-05 14:25:38:2538 [32minfo[39m: 	[32m#######################[39m
2022-06-05 14:25:38:2538 [32minfo[39m: 	[32m#######################[39m
2022-06-05 14:25:38:2538 [32minfo[39m: 	[32m###### API REST ######[39m
2022-06-05 14:25:38:2538 [32minfo[39m: 	[32m#######################[39m
2022-06-05 14:25:38:2538 [32minfo[39m: 	[32m#######################[39m
2022-06-05 14:25:38:2538 [32minfo[39m: 	[32mhttp://localhost:3977/api/v1/[39m
2022-06-05 14:25:55:2555 [32minfo[39m: 	[32mMONGO_DB_URI mongodb+srv://dani:MongoGnab8841@cluster0.cms2n.mongodb.net/xacometer, MONGO_DB_URI_TEST, NODE_ENV[39m
2022-06-05 14:25:56:2556 [32minfo[39m: 	[32mConnected[39m
2022-06-05 14:25:56:2556 [32minfo[39m: 	[32m#######################[39m
2022-06-05 14:25:56:2556 [32minfo[39m: 	[32m#######################[39m
2022-06-05 14:25:56:2556 [32minfo[39m: 	[32m###### API REST ######[39m
2022-06-05 14:25:56:2556 [32minfo[39m: 	[32m#######################[39m
2022-06-05 14:25:56:2556 [32minfo[39m: 	[32m#######################[39m
2022-06-05 14:25:56:2556 [32minfo[39m: 	[32mhttp://localhost:3977/api/v1/[39m
2022-06-05 14:27:01:271 [32minfo[39m: 	[32mMONGO_DB_URI mongodb+srv://dani:MongoGnab8841@cluster0.cms2n.mongodb.net/xacometer, MONGO_DB_URI_TEST, NODE_ENV[39m
2022-06-05 14:27:01:271 [32minfo[39m: 	[32mConnected[39m
2022-06-05 14:27:01:271 [32minfo[39m: 	[32m#######################[39m
2022-06-05 14:27:01:271 [32minfo[39m: 	[32m#######################[39m
2022-06-05 14:27:01:271 [32minfo[39m: 	[32m###### API REST ######[39m
2022-06-05 14:27:01:271 [32minfo[39m: 	[32m#######################[39m
2022-06-05 14:27:01:271 [32minfo[39m: 	[32m#######################[39m
2022-06-05 14:27:01:271 [32minfo[39m: 	[32mhttp://localhost:3977/api/v1/[39m
2022-06-05 14:27:05:275 [32minfo[39m: 	[32mMONGO_DB_URI mongodb+srv://dani:MongoGnab8841@cluster0.cms2n.mongodb.net/xacometer, MONGO_DB_URI_TEST, NODE_ENV[39m
2022-06-05 14:27:06:276 [32minfo[39m: 	[32mConnected[39m
2022-06-05 14:27:06:276 [32minfo[39m: 	[32m#######################[39m
2022-06-05 14:27:06:276 [32minfo[39m: 	[32m#######################[39m
2022-06-05 14:27:06:276 [32minfo[39m: 	[32m###### API REST ######[39m
2022-06-05 14:27:06:276 [32minfo[39m: 	[32m#######################[39m
2022-06-05 14:27:06:276 [32minfo[39m: 	[32m#######################[39m
2022-06-05 14:27:06:276 [32minfo[39m: 	[32mhttp://localhost:3977/api/v1/[39m
2022-06-05 14:27:14:2714 [32minfo[39m: 	[32mMONGO_DB_URI mongodb+srv://dani:MongoGnab8841@cluster0.cms2n.mongodb.net/xacometer, MONGO_DB_URI_TEST, NODE_ENV[39m
2022-06-05 14:27:14:2714 [32minfo[39m: 	[32mConnected[39m
2022-06-05 14:27:14:2714 [32minfo[39m: 	[32m#######################[39m
2022-06-05 14:27:14:2714 [32minfo[39m: 	[32m#######################[39m
2022-06-05 14:27:14:2714 [32minfo[39m: 	[32m###### API REST ######[39m
2022-06-05 14:27:14:2714 [32minfo[39m: 	[32m#######################[39m
2022-06-05 14:27:14:2714 [32minfo[39m: 	[32m#######################[39m
2022-06-05 14:27:14:2714 [32minfo[39m: 	[32mhttp://localhost:3977/api/v1/[39m
2022-06-05 14:27:19:2719 [32minfo[39m: 	[32mMONGO_DB_URI mongodb+srv://dani:MongoGnab8841@cluster0.cms2n.mongodb.net/xacometer, MONGO_DB_URI_TEST, NODE_ENV[39m
2022-06-05 14:27:20:2720 [32minfo[39m: 	[32mConnected[39m
2022-06-05 14:27:20:2720 [32minfo[39m: 	[32m#######################[39m
2022-06-05 14:27:20:2720 [32minfo[39m: 	[32m#######################[39m
2022-06-05 14:27:20:2720 [32minfo[39m: 	[32m###### API REST ######[39m
2022-06-05 14:27:20:2720 [32minfo[39m: 	[32m#######################[39m
2022-06-05 14:27:20:2720 [32minfo[39m: 	[32m#######################[39m
2022-06-05 14:27:20:2720 [32minfo[39m: 	[32mhttp://localhost:3977/api/v1/[39m
2022-06-05 14:27:21:2721 [32minfo[39m: 	[32mMONGO_DB_URI mongodb+srv://dani:MongoGnab8841@cluster0.cms2n.mongodb.net/xacometer, MONGO_DB_URI_TEST, NODE_ENV[39m
2022-06-05 14:27:22:2722 [32minfo[39m: 	[32mConnected[39m
2022-06-05 14:27:22:2722 [32minfo[39m: 	[32m#######################[39m
2022-06-05 14:27:22:2722 [32minfo[39m: 	[32m#######################[39m
2022-06-05 14:27:22:2722 [32minfo[39m: 	[32m###### API REST ######[39m
2022-06-05 14:27:22:2722 [32minfo[39m: 	[32m#######################[39m
2022-06-05 14:27:22:2722 [32minfo[39m: 	[32m#######################[39m
2022-06-05 14:27:22:2722 [32minfo[39m: 	[32mhttp://localhost:3977/api/v1/[39m
2022-06-05 14:27:28:2728 [32minfo[39m: 	[32mMONGO_DB_URI mongodb+srv://dani:MongoGnab8841@cluster0.cms2n.mongodb.net/xacometer, MONGO_DB_URI_TEST, NODE_ENV[39m
2022-06-05 14:27:28:2728 [32minfo[39m: 	[32mConnected[39m
2022-06-05 14:27:28:2728 [32minfo[39m: 	[32m#######################[39m
2022-06-05 14:27:28:2728 [32minfo[39m: 	[32m#######################[39m
2022-06-05 14:27:28:2728 [32minfo[39m: 	[32m###### API REST ######[39m
2022-06-05 14:27:28:2728 [32minfo[39m: 	[32m#######################[39m
2022-06-05 14:27:28:2728 [32minfo[39m: 	[32m#######################[39m
2022-06-05 14:27:28:2728 [32minfo[39m: 	[32mhttp://localhost:3977/api/v1/[39m
2022-06-05 14:27:30:2730 [32minfo[39m: 	[32mMONGO_DB_URI mongodb+srv://dani:MongoGnab8841@cluster0.cms2n.mongodb.net/xacometer, MONGO_DB_URI_TEST, NODE_ENV[39m
2022-06-05 14:27:30:2730 [32minfo[39m: 	[32mConnected[39m
2022-06-05 14:27:30:2730 [32minfo[39m: 	[32m#######################[39m
2022-06-05 14:27:30:2730 [32minfo[39m: 	[32m#######################[39m
2022-06-05 14:27:30:2730 [32minfo[39m: 	[32m###### API REST ######[39m
2022-06-05 14:27:30:2730 [32minfo[39m: 	[32m#######################[39m
2022-06-05 14:27:30:2730 [32minfo[39m: 	[32m#######################[39m
2022-06-05 14:27:30:2730 [32minfo[39m: 	[32mhttp://localhost:3977/api/v1/[39m
2022-06-05 14:27:35:2735 [32minfo[39m: 	[32mMONGO_DB_URI mongodb+srv://dani:MongoGnab8841@cluster0.cms2n.mongodb.net/xacometer, MONGO_DB_URI_TEST, NODE_ENV[39m
2022-06-05 14:27:35:2735 [32minfo[39m: 	[32mConnected[39m
2022-06-05 14:27:35:2735 [32minfo[39m: 	[32m#######################[39m
2022-06-05 14:27:35:2735 [32minfo[39m: 	[32m#######################[39m
2022-06-05 14:27:35:2735 [32minfo[39m: 	[32m###### API REST ######[39m
2022-06-05 14:27:35:2735 [32minfo[39m: 	[32m#######################[39m
2022-06-05 14:27:35:2735 [32minfo[39m: 	[32m#######################[39m
2022-06-05 14:27:35:2735 [32minfo[39m: 	[32mhttp://localhost:3977/api/v1/[39m
2022-06-05 14:27:40:2740 [32minfo[39m: 	[32mMONGO_DB_URI mongodb+srv://dani:MongoGnab8841@cluster0.cms2n.mongodb.net/xacometer, MONGO_DB_URI_TEST, NODE_ENV[39m
2022-06-05 14:27:40:2740 [32minfo[39m: 	[32mConnected[39m
2022-06-05 14:27:40:2740 [32minfo[39m: 	[32m#######################[39m
2022-06-05 14:27:40:2740 [32minfo[39m: 	[32m#######################[39m
2022-06-05 14:27:40:2740 [32minfo[39m: 	[32m###### API REST ######[39m
2022-06-05 14:27:40:2740 [32minfo[39m: 	[32m#######################[39m
2022-06-05 14:27:40:2740 [32minfo[39m: 	[32m#######################[39m
2022-06-05 14:27:40:2740 [32minfo[39m: 	[32mhttp://localhost:3977/api/v1/[39m
2022-06-05 14:27:44:2744 [32minfo[39m: 	[32mMONGO_DB_URI mongodb+srv://dani:MongoGnab8841@cluster0.cms2n.mongodb.net/xacometer, MONGO_DB_URI_TEST, NODE_ENV[39m
2022-06-05 14:27:44:2744 [32minfo[39m: 	[32mConnected[39m
2022-06-05 14:27:44:2744 [32minfo[39m: 	[32m#######################[39m
2022-06-05 14:27:44:2744 [32minfo[39m: 	[32m#######################[39m
2022-06-05 14:27:44:2744 [32minfo[39m: 	[32m###### API REST ######[39m
2022-06-05 14:27:44:2744 [32minfo[39m: 	[32m#######################[39m
2022-06-05 14:27:44:2744 [32minfo[39m: 	[32m#######################[39m
2022-06-05 14:27:44:2744 [32minfo[39m: 	[32mhttp://localhost:3977/api/v1/[39m
2022-06-05 14:28:08:288 [32minfo[39m: 	[32mMONGO_DB_URI mongodb+srv://dani:MongoGnab8841@cluster0.cms2n.mongodb.net/xacometer, MONGO_DB_URI_TEST, NODE_ENV[39m
2022-06-05 14:28:09:289 [32minfo[39m: 	[32mConnected[39m
2022-06-05 14:28:09:289 [32minfo[39m: 	[32m#######################[39m
2022-06-05 14:28:09:289 [32minfo[39m: 	[32m#######################[39m
2022-06-05 14:28:09:289 [32minfo[39m: 	[32m###### API REST ######[39m
2022-06-05 14:28:09:289 [32minfo[39m: 	[32m#######################[39m
2022-06-05 14:28:09:289 [32minfo[39m: 	[32m#######################[39m
2022-06-05 14:28:09:289 [32minfo[39m: 	[32mhttp://localhost:3977/api/v1/[39m
2022-06-05 14:28:18:2818 [32minfo[39m: 	[32mMONGO_DB_URI mongodb+srv://dani:MongoGnab8841@cluster0.cms2n.mongodb.net/xacometer, MONGO_DB_URI_TEST, NODE_ENV[39m
2022-06-05 14:28:18:2818 [32minfo[39m: 	[32mConnected[39m
2022-06-05 14:28:18:2818 [32minfo[39m: 	[32m#######################[39m
2022-06-05 14:28:18:2818 [32minfo[39m: 	[32m#######################[39m
2022-06-05 14:28:18:2818 [32minfo[39m: 	[32m###### API REST ######[39m
2022-06-05 14:28:18:2818 [32minfo[39m: 	[32m#######################[39m
2022-06-05 14:28:18:2818 [32minfo[39m: 	[32m#######################[39m
2022-06-05 14:28:18:2818 [32minfo[39m: 	[32mhttp://localhost:3977/api/v1/[39m
2022-06-05 14:28:34:2834 [32minfo[39m: 	[32mMONGO_DB_URI mongodb+srv://dani:MongoGnab8841@cluster0.cms2n.mongodb.net/xacometer, MONGO_DB_URI_TEST, NODE_ENV[39m
2022-06-05 14:28:35:2835 [32minfo[39m: 	[32mConnected[39m
2022-06-05 14:28:35:2835 [32minfo[39m: 	[32m#######################[39m
2022-06-05 14:28:35:2835 [32minfo[39m: 	[32m#######################[39m
2022-06-05 14:28:35:2835 [32minfo[39m: 	[32m###### API REST ######[39m
2022-06-05 14:28:35:2835 [32minfo[39m: 	[32m#######################[39m
2022-06-05 14:28:35:2835 [32minfo[39m: 	[32m#######################[39m
2022-06-05 14:28:35:2835 [32minfo[39m: 	[32mhttp://localhost:3977/api/v1/[39m
2022-06-05 14:33:53:3353 [32minfo[39m: 	[32mMONGO_DB_URI mongodb+srv://dani:MongoGnab8841@cluster0.cms2n.mongodb.net/xacometer, MONGO_DB_URI_TEST, NODE_ENV[39m
2022-06-05 14:33:53:3353 [32minfo[39m: 	[32mConnected[39m
2022-06-05 14:33:53:3353 [32minfo[39m: 	[32m#######################[39m
2022-06-05 14:33:53:3353 [32minfo[39m: 	[32m#######################[39m
2022-06-05 14:33:53:3353 [32minfo[39m: 	[32m###### API REST ######[39m
2022-06-05 14:33:53:3353 [32minfo[39m: 	[32m#######################[39m
2022-06-05 14:33:53:3353 [32minfo[39m: 	[32m#######################[39m
2022-06-05 14:33:53:3353 [32minfo[39m: 	[32mhttp://localhost:3977/api/v1/[39m
2022-06-05 14:33:55:3355 [32minfo[39m: 	[32mMONGO_DB_URI mongodb+srv://dani:MongoGnab8841@cluster0.cms2n.mongodb.net/xacometer, MONGO_DB_URI_TEST, NODE_ENV[39m
2022-06-05 14:33:55:3355 [32minfo[39m: 	[32mConnected[39m
2022-06-05 14:33:55:3355 [32minfo[39m: 	[32m#######################[39m
2022-06-05 14:33:55:3355 [32minfo[39m: 	[32m#######################[39m
2022-06-05 14:33:55:3355 [32minfo[39m: 	[32m###### API REST ######[39m
2022-06-05 14:33:55:3355 [32minfo[39m: 	[32m#######################[39m
2022-06-05 14:33:55:3355 [32minfo[39m: 	[32m#######################[39m
2022-06-05 14:33:55:3355 [32minfo[39m: 	[32mhttp://localhost:3977/api/v1/[39m
2022-06-05 14:35:49:3549 [32minfo[39m: 	[32mMONGO_DB_URI mongodb+srv://dani:MongoGnab8841@cluster0.cms2n.mongodb.net/xacometer, MONGO_DB_URI_TEST, NODE_ENV[39m
2022-06-05 14:35:49:3549 [32minfo[39m: 	[32mConnected[39m
2022-06-05 14:35:49:3549 [32minfo[39m: 	[32m#######################[39m
2022-06-05 14:35:49:3549 [32minfo[39m: 	[32m#######################[39m
2022-06-05 14:35:49:3549 [32minfo[39m: 	[32m###### API REST ######[39m
2022-06-05 14:35:49:3549 [32minfo[39m: 	[32m#######################[39m
2022-06-05 14:35:49:3549 [32minfo[39m: 	[32m#######################[39m
2022-06-05 14:35:49:3549 [32minfo[39m: 	[32mhttp://localhost:3977/api/v1/[39m
2022-06-05 14:35:51:3551 [32minfo[39m: 	[32mMONGO_DB_URI mongodb+srv://dani:MongoGnab8841@cluster0.cms2n.mongodb.net/xacometer, MONGO_DB_URI_TEST, NODE_ENV[39m
2022-06-05 14:35:51:3551 [32minfo[39m: 	[32mConnected[39m
2022-06-05 14:35:51:3551 [32minfo[39m: 	[32m#######################[39m
2022-06-05 14:35:51:3551 [32minfo[39m: 	[32m#######################[39m
2022-06-05 14:35:51:3551 [32minfo[39m: 	[32m###### API REST ######[39m
2022-06-05 14:35:51:3551 [32minfo[39m: 	[32m#######################[39m
2022-06-05 14:35:51:3551 [32minfo[39m: 	[32m#######################[39m
2022-06-05 14:35:51:3551 [32minfo[39m: 	[32mhttp://localhost:3977/api/v1/[39m
2022-06-05 14:44:21:4421 [32minfo[39m: 	[32mMONGO_DB_URI mongodb+srv://dani:MongoGnab8841@cluster0.cms2n.mongodb.net/xacometer, MONGO_DB_URI_TEST, NODE_ENV[39m
2022-06-05 14:44:22:4422 [32minfo[39m: 	[32mConnected[39m
2022-06-05 14:44:22:4422 [32minfo[39m: 	[32m#######################[39m
2022-06-05 14:44:22:4422 [32minfo[39m: 	[32m#######################[39m
2022-06-05 14:44:22:4422 [32minfo[39m: 	[32m###### API REST ######[39m
2022-06-05 14:44:22:4422 [32minfo[39m: 	[32m#######################[39m
2022-06-05 14:44:22:4422 [32minfo[39m: 	[32m#######################[39m
2022-06-05 14:44:22:4422 [32minfo[39m: 	[32mhttp://localhost:3977/api/v1/[39m
2022-06-05 14:44:23:4423 [32minfo[39m: 	[32mMONGO_DB_URI mongodb+srv://dani:MongoGnab8841@cluster0.cms2n.mongodb.net/xacometer, MONGO_DB_URI_TEST, NODE_ENV[39m
2022-06-05 14:44:24:4424 [32minfo[39m: 	[32mConnected[39m
2022-06-05 14:44:24:4424 [32minfo[39m: 	[32m#######################[39m
2022-06-05 14:44:24:4424 [32minfo[39m: 	[32m#######################[39m
2022-06-05 14:44:24:4424 [32minfo[39m: 	[32m###### API REST ######[39m
2022-06-05 14:44:24:4424 [32minfo[39m: 	[32m#######################[39m
2022-06-05 14:44:24:4424 [32minfo[39m: 	[32m#######################[39m
2022-06-05 14:44:24:4424 [32minfo[39m: 	[32mhttp://localhost:3977/api/v1/[39m
2022-06-05 14:45:07:457 [32minfo[39m: 	[32mMONGO_DB_URI mongodb+srv://dani:MongoGnab8841@cluster0.cms2n.mongodb.net/xacometer, MONGO_DB_URI_TEST, NODE_ENV[39m
2022-06-05 14:45:08:458 [32minfo[39m: 	[32mConnected[39m
2022-06-05 14:45:08:458 [32minfo[39m: 	[32m#######################[39m
2022-06-05 14:45:08:458 [32minfo[39m: 	[32m#######################[39m
2022-06-05 14:45:08:458 [32minfo[39m: 	[32m###### API REST ######[39m
2022-06-05 14:45:08:458 [32minfo[39m: 	[32m#######################[39m
2022-06-05 14:45:08:458 [32minfo[39m: 	[32m#######################[39m
2022-06-05 14:45:08:458 [32minfo[39m: 	[32mhttp://localhost:3977/api/v1/[39m
2022-06-05 14:45:17:4517 [32minfo[39m: 	[32mMONGO_DB_URI mongodb+srv://dani:MongoGnab8841@cluster0.cms2n.mongodb.net/xacometer, MONGO_DB_URI_TEST, NODE_ENV[39m
2022-06-05 14:45:17:4517 [32minfo[39m: 	[32mConnected[39m
2022-06-05 14:45:17:4517 [32minfo[39m: 	[32m#######################[39m
2022-06-05 14:45:17:4517 [32minfo[39m: 	[32m#######################[39m
2022-06-05 14:45:17:4517 [32minfo[39m: 	[32m###### API REST ######[39m
2022-06-05 14:45:17:4517 [32minfo[39m: 	[32m#######################[39m
2022-06-05 14:45:17:4517 [32minfo[39m: 	[32m#######################[39m
2022-06-05 14:45:17:4517 [32minfo[39m: 	[32mhttp://localhost:3977/api/v1/[39m
2022-06-05 14:45:23:4523 [32minfo[39m: 	[32mMONGO_DB_URI mongodb+srv://dani:MongoGnab8841@cluster0.cms2n.mongodb.net/xacometer, MONGO_DB_URI_TEST, NODE_ENV[39m
2022-06-05 14:45:23:4523 [32minfo[39m: 	[32mConnected[39m
2022-06-05 14:45:23:4523 [32minfo[39m: 	[32m#######################[39m
2022-06-05 14:45:23:4523 [32minfo[39m: 	[32m#######################[39m
2022-06-05 14:45:23:4523 [32minfo[39m: 	[32m###### API REST ######[39m
2022-06-05 14:45:23:4523 [32minfo[39m: 	[32m#######################[39m
2022-06-05 14:45:23:4523 [32minfo[39m: 	[32m#######################[39m
2022-06-05 14:45:23:4523 [32minfo[39m: 	[32mhttp://localhost:3977/api/v1/[39m
2022-06-05 14:45:30:4530 [32minfo[39m: 	[32mMONGO_DB_URI mongodb+srv://dani:MongoGnab8841@cluster0.cms2n.mongodb.net/xacometer, MONGO_DB_URI_TEST, NODE_ENV[39m
2022-06-05 14:45:30:4530 [32minfo[39m: 	[32mConnected[39m
2022-06-05 14:45:30:4530 [32minfo[39m: 	[32m#######################[39m
2022-06-05 14:45:30:4530 [32minfo[39m: 	[32m#######################[39m
2022-06-05 14:45:30:4530 [32minfo[39m: 	[32m###### API REST ######[39m
2022-06-05 14:45:30:4530 [32minfo[39m: 	[32m#######################[39m
2022-06-05 14:45:30:4530 [32minfo[39m: 	[32m#######################[39m
2022-06-05 14:45:30:4530 [32minfo[39m: 	[32mhttp://localhost:3977/api/v1/[39m
2022-06-05 14:45:35:4535 [32minfo[39m: 	[32mMONGO_DB_URI mongodb+srv://dani:MongoGnab8841@cluster0.cms2n.mongodb.net/xacometer, MONGO_DB_URI_TEST, NODE_ENV[39m
2022-06-05 14:45:35:4535 [32minfo[39m: 	[32mConnected[39m
2022-06-05 14:45:35:4535 [32minfo[39m: 	[32m#######################[39m
2022-06-05 14:45:35:4535 [32minfo[39m: 	[32m#######################[39m
2022-06-05 14:45:35:4535 [32minfo[39m: 	[32m###### API REST ######[39m
2022-06-05 14:45:35:4535 [32minfo[39m: 	[32m#######################[39m
2022-06-05 14:45:35:4535 [32minfo[39m: 	[32m#######################[39m
2022-06-05 14:45:35:4535 [32minfo[39m: 	[32mhttp://localhost:3977/api/v1/[39m
2022-06-05 14:45:39:4539 [32minfo[39m: 	[32mMONGO_DB_URI mongodb+srv://dani:MongoGnab8841@cluster0.cms2n.mongodb.net/xacometer, MONGO_DB_URI_TEST, NODE_ENV[39m
2022-06-05 14:45:39:4539 [32minfo[39m: 	[32mConnected[39m
2022-06-05 14:45:39:4539 [32minfo[39m: 	[32m#######################[39m
2022-06-05 14:45:39:4539 [32minfo[39m: 	[32m#######################[39m
2022-06-05 14:45:39:4539 [32minfo[39m: 	[32m###### API REST ######[39m
2022-06-05 14:45:39:4539 [32minfo[39m: 	[32m#######################[39m
2022-06-05 14:45:39:4539 [32minfo[39m: 	[32m#######################[39m
2022-06-05 14:45:39:4539 [32minfo[39m: 	[32mhttp://localhost:3977/api/v1/[39m
2022-06-05 14:46:20:4620 [32minfo[39m: 	[32mMONGO_DB_URI mongodb+srv://dani:MongoGnab8841@cluster0.cms2n.mongodb.net/xacometer, MONGO_DB_URI_TEST, NODE_ENV[39m
2022-06-05 14:46:21:4621 [32minfo[39m: 	[32mConnected[39m
2022-06-05 14:46:21:4621 [32minfo[39m: 	[32m#######################[39m
2022-06-05 14:46:21:4621 [32minfo[39m: 	[32m#######################[39m
2022-06-05 14:46:21:4621 [32minfo[39m: 	[32m###### API REST ######[39m
2022-06-05 14:46:21:4621 [32minfo[39m: 	[32m#######################[39m
2022-06-05 14:46:21:4621 [32minfo[39m: 	[32m#######################[39m
2022-06-05 14:46:21:4621 [32minfo[39m: 	[32mhttp://localhost:3977/api/v1/[39m
2022-06-05 14:46:29:4629 [32minfo[39m: 	[32mMONGO_DB_URI mongodb+srv://dani:MongoGnab8841@cluster0.cms2n.mongodb.net/xacometer, MONGO_DB_URI_TEST, NODE_ENV[39m
2022-06-05 14:46:29:4629 [32minfo[39m: 	[32mConnected[39m
2022-06-05 14:46:29:4629 [32minfo[39m: 	[32m#######################[39m
2022-06-05 14:46:29:4629 [32minfo[39m: 	[32m#######################[39m
2022-06-05 14:46:30:4630 [32minfo[39m: 	[32m###### API REST ######[39m
2022-06-05 14:46:30:4630 [32minfo[39m: 	[32m#######################[39m
2022-06-05 14:46:30:4630 [32minfo[39m: 	[32m#######################[39m
2022-06-05 14:46:30:4630 [32minfo[39m: 	[32mhttp://localhost:3977/api/v1/[39m
2022-06-05 14:46:36:4636 [32minfo[39m: 	[32mMONGO_DB_URI mongodb+srv://dani:MongoGnab8841@cluster0.cms2n.mongodb.net/xacometer, MONGO_DB_URI_TEST, NODE_ENV[39m
2022-06-05 14:46:36:4636 [32minfo[39m: 	[32mConnected[39m
2022-06-05 14:46:36:4636 [32minfo[39m: 	[32m#######################[39m
2022-06-05 14:46:36:4636 [32minfo[39m: 	[32m#######################[39m
2022-06-05 14:46:36:4636 [32minfo[39m: 	[32m###### API REST ######[39m
2022-06-05 14:46:36:4636 [32minfo[39m: 	[32m#######################[39m
2022-06-05 14:46:36:4636 [32minfo[39m: 	[32m#######################[39m
2022-06-05 14:46:36:4636 [32minfo[39m: 	[32mhttp://localhost:3977/api/v1/[39m
2022-06-05 14:46:38:4638 [32minfo[39m: 	[32mMONGO_DB_URI mongodb+srv://dani:MongoGnab8841@cluster0.cms2n.mongodb.net/xacometer, MONGO_DB_URI_TEST, NODE_ENV[39m
2022-06-05 14:46:39:4639 [32minfo[39m: 	[32mConnected[39m
2022-06-05 14:46:39:4639 [32minfo[39m: 	[32m#######################[39m
2022-06-05 14:46:39:4639 [32minfo[39m: 	[32m#######################[39m
2022-06-05 14:46:39:4639 [32minfo[39m: 	[32m###### API REST ######[39m
2022-06-05 14:46:39:4639 [32minfo[39m: 	[32m#######################[39m
2022-06-05 14:46:39:4639 [32minfo[39m: 	[32m#######################[39m
2022-06-05 14:46:39:4639 [32minfo[39m: 	[32mhttp://localhost:3977/api/v1/[39m
2022-06-05 14:46:43:4643 [32minfo[39m: 	[32mMONGO_DB_URI mongodb+srv://dani:MongoGnab8841@cluster0.cms2n.mongodb.net/xacometer, MONGO_DB_URI_TEST, NODE_ENV[39m
2022-06-05 14:46:44:4644 [32minfo[39m: 	[32mConnected[39m
2022-06-05 14:46:44:4644 [32minfo[39m: 	[32m#######################[39m
2022-06-05 14:46:44:4644 [32minfo[39m: 	[32m#######################[39m
2022-06-05 14:46:44:4644 [32minfo[39m: 	[32m###### API REST ######[39m
2022-06-05 14:46:44:4644 [32minfo[39m: 	[32m#######################[39m
2022-06-05 14:46:44:4644 [32minfo[39m: 	[32m#######################[39m
2022-06-05 14:46:44:4644 [32minfo[39m: 	[32mhttp://localhost:3977/api/v1/[39m
2022-06-05 14:46:50:4650 [32minfo[39m: 	[32mMONGO_DB_URI mongodb+srv://dani:MongoGnab8841@cluster0.cms2n.mongodb.net/xacometer, MONGO_DB_URI_TEST, NODE_ENV[39m
2022-06-05 14:46:50:4650 [32minfo[39m: 	[32mConnected[39m
2022-06-05 14:46:50:4650 [32minfo[39m: 	[32m#######################[39m
2022-06-05 14:46:50:4650 [32minfo[39m: 	[32m#######################[39m
2022-06-05 14:46:50:4650 [32minfo[39m: 	[32m###### API REST ######[39m
2022-06-05 14:46:50:4650 [32minfo[39m: 	[32m#######################[39m
2022-06-05 14:46:50:4650 [32minfo[39m: 	[32m#######################[39m
2022-06-05 14:46:50:4650 [32minfo[39m: 	[32mhttp://localhost:3977/api/v1/[39m
2022-06-05 14:46:55:4655 [32minfo[39m: 	[32mMONGO_DB_URI mongodb+srv://dani:MongoGnab8841@cluster0.cms2n.mongodb.net/xacometer, MONGO_DB_URI_TEST, NODE_ENV[39m
2022-06-05 14:46:56:4656 [32minfo[39m: 	[32mConnected[39m
2022-06-05 14:46:56:4656 [32minfo[39m: 	[32m#######################[39m
2022-06-05 14:46:56:4656 [32minfo[39m: 	[32m#######################[39m
2022-06-05 14:46:56:4656 [32minfo[39m: 	[32m###### API REST ######[39m
2022-06-05 14:46:56:4656 [32minfo[39m: 	[32m#######################[39m
2022-06-05 14:46:56:4656 [32minfo[39m: 	[32m#######################[39m
2022-06-05 14:46:56:4656 [32minfo[39m: 	[32mhttp://localhost:3977/api/v1/[39m
2022-06-05 14:47:03:473 [32minfo[39m: 	[32mMONGO_DB_URI mongodb+srv://dani:MongoGnab8841@cluster0.cms2n.mongodb.net/xacometer, MONGO_DB_URI_TEST, NODE_ENV[39m
2022-06-05 14:47:03:473 [32minfo[39m: 	[32mConnected[39m
2022-06-05 14:47:03:473 [32minfo[39m: 	[32m#######################[39m
2022-06-05 14:47:03:473 [32minfo[39m: 	[32m#######################[39m
2022-06-05 14:47:03:473 [32minfo[39m: 	[32m###### API REST ######[39m
2022-06-05 14:47:03:473 [32minfo[39m: 	[32m#######################[39m
2022-06-05 14:47:03:473 [32minfo[39m: 	[32m#######################[39m
2022-06-05 14:47:03:473 [32minfo[39m: 	[32mhttp://localhost:3977/api/v1/[39m
2022-06-05 14:47:10:4710 [32minfo[39m: 	[32mMONGO_DB_URI mongodb+srv://dani:MongoGnab8841@cluster0.cms2n.mongodb.net/xacometer, MONGO_DB_URI_TEST, NODE_ENV[39m
2022-06-05 14:47:11:4711 [32minfo[39m: 	[32mConnected[39m
2022-06-05 14:47:11:4711 [32minfo[39m: 	[32m#######################[39m
2022-06-05 14:47:11:4711 [32minfo[39m: 	[32m#######################[39m
2022-06-05 14:47:11:4711 [32minfo[39m: 	[32m###### API REST ######[39m
2022-06-05 14:47:11:4711 [32minfo[39m: 	[32m#######################[39m
2022-06-05 14:47:11:4711 [32minfo[39m: 	[32m#######################[39m
2022-06-05 14:47:11:4711 [32minfo[39m: 	[32mhttp://localhost:3977/api/v1/[39m
2022-06-05 14:47:12:4712 [32minfo[39m: 	[32mMONGO_DB_URI mongodb+srv://dani:MongoGnab8841@cluster0.cms2n.mongodb.net/xacometer, MONGO_DB_URI_TEST, NODE_ENV[39m
2022-06-05 14:47:12:4712 [32minfo[39m: 	[32mConnected[39m
2022-06-05 14:47:12:4712 [32minfo[39m: 	[32m#######################[39m
2022-06-05 14:47:12:4712 [32minfo[39m: 	[32m#######################[39m
2022-06-05 14:47:12:4712 [32minfo[39m: 	[32m###### API REST ######[39m
2022-06-05 14:47:12:4712 [32minfo[39m: 	[32m#######################[39m
2022-06-05 14:47:12:4712 [32minfo[39m: 	[32m#######################[39m
2022-06-05 14:47:12:4712 [32minfo[39m: 	[32mhttp://localhost:3977/api/v1/[39m
2022-06-05 14:47:19:4719 [32minfo[39m: 	[32mMONGO_DB_URI mongodb+srv://dani:MongoGnab8841@cluster0.cms2n.mongodb.net/xacometer, MONGO_DB_URI_TEST, NODE_ENV[39m
2022-06-05 14:47:20:4720 [32minfo[39m: 	[32mMONGO_DB_URI mongodb+srv://dani:MongoGnab8841@cluster0.cms2n.mongodb.net/xacometer, MONGO_DB_URI_TEST, NODE_ENV[39m
2022-06-05 14:47:20:4720 [32minfo[39m: 	[32mConnected[39m
2022-06-05 14:47:20:4720 [32minfo[39m: 	[32m#######################[39m
2022-06-05 14:47:20:4720 [32minfo[39m: 	[32m#######################[39m
2022-06-05 14:47:20:4720 [32minfo[39m: 	[32m###### API REST ######[39m
2022-06-05 14:47:20:4720 [32minfo[39m: 	[32m#######################[39m
2022-06-05 14:47:20:4720 [32minfo[39m: 	[32m#######################[39m
2022-06-05 14:47:20:4720 [32minfo[39m: 	[32mhttp://localhost:3977/api/v1/[39m
2022-06-05 14:47:26:4726 [32minfo[39m: 	[32mMONGO_DB_URI mongodb+srv://dani:MongoGnab8841@cluster0.cms2n.mongodb.net/xacometer, MONGO_DB_URI_TEST, NODE_ENV[39m
2022-06-05 14:47:47:4747 [32minfo[39m: 	[32mError: connect ETIMEDOUT 15.237.145.226:27017[39m
2022-06-05 14:48:21:4821 [32minfo[39m: 	[32mMONGO_DB_URI mongodb+srv://dani:MongoGnab8841@cluster0.cms2n.mongodb.net/xacometer, MONGO_DB_URI_TEST, NODE_ENV[39m
2022-06-05 14:48:22:4822 [32minfo[39m: 	[32mConnected[39m
2022-06-05 14:48:22:4822 [32minfo[39m: 	[32m#######################[39m
2022-06-05 14:48:22:4822 [32minfo[39m: 	[32m#######################[39m
2022-06-05 14:48:22:4822 [32minfo[39m: 	[32m###### API REST ######[39m
2022-06-05 14:48:22:4822 [32minfo[39m: 	[32m#######################[39m
2022-06-05 14:48:22:4822 [32minfo[39m: 	[32m#######################[39m
2022-06-05 14:48:22:4822 [32minfo[39m: 	[32mhttp://localhost:3977/api/v1/[39m
2022-06-05 14:48:48:4848 [32minfo[39m: 	[32mMONGO_DB_URI mongodb+srv://dani:MongoGnab8841@cluster0.cms2n.mongodb.net/xacometer, MONGO_DB_URI_TEST, NODE_ENV[39m
2022-06-05 14:48:52:4852 [32minfo[39m: 	[32mConnected[39m
2022-06-05 14:49:02:492 [32minfo[39m: 	[32mMONGO_DB_URI mongodb+srv://dani:MongoGnab8841@cluster0.cms2n.mongodb.net/xacometer, MONGO_DB_URI_TEST, NODE_ENV[39m
2022-06-05 14:49:03:493 [32minfo[39m: 	[32mConnected[39m
2022-06-05 14:49:03:493 [32minfo[39m: 	[32m#######################[39m
2022-06-05 14:49:03:493 [32minfo[39m: 	[32m#######################[39m
2022-06-05 14:49:03:493 [32minfo[39m: 	[32m###### API REST ######[39m
2022-06-05 14:49:03:493 [32minfo[39m: 	[32m#######################[39m
2022-06-05 14:49:03:493 [32minfo[39m: 	[32m#######################[39m
2022-06-05 14:49:03:493 [32minfo[39m: 	[32mhttp://localhost:3977/api/v1/[39m
2022-06-05 20:51:56:5156 [32minfo[39m: 	[32mMONGO_DB_URI mongodb+srv://dani:MongoGnab8841@cluster0.cms2n.mongodb.net/xacometer, MONGO_DB_URI_TEST, NODE_ENV[39m
2022-06-05 20:51:57:5157 [32minfo[39m: 	[32mConnected[39m
2022-06-05 20:52:10:5210 [32minfo[39m: 	[32mMONGO_DB_URI mongodb+srv://dani:MongoGnab8841@cluster0.cms2n.mongodb.net/xacometer, MONGO_DB_URI_TEST, NODE_ENV[39m
2022-06-05 20:52:12:5212 [32minfo[39m: 	[32mConnected[39m
2022-06-05 20:52:12:5212 [32minfo[39m: 	[32m#######################[39m
2022-06-05 20:52:12:5212 [32minfo[39m: 	[32m#######################[39m
2022-06-05 20:52:12:5212 [32minfo[39m: 	[32m###### API REST ######[39m
2022-06-05 20:52:12:5212 [32minfo[39m: 	[32m#######################[39m
2022-06-05 20:52:12:5212 [32minfo[39m: 	[32m#######################[39m
2022-06-05 20:52:12:5212 [32minfo[39m: 	[32mhttp://localhost:3977/api/v1/[39m
2022-06-05 20:52:25:5225 [32minfo[39m: 	[32mMONGO_DB_URI mongodb+srv://dani:MongoGnab8841@cluster0.cms2n.mongodb.net/xacometer, MONGO_DB_URI_TEST, NODE_ENV[39m
2022-06-05 20:52:25:5225 [32minfo[39m: 	[32mConnected[39m
2022-06-05 20:52:30:5230 [32minfo[39m: 	[32mMONGO_DB_URI mongodb+srv://dani:MongoGnab8841@cluster0.cms2n.mongodb.net/xacometer, MONGO_DB_URI_TEST, NODE_ENV[39m
2022-06-05 20:52:31:5231 [32minfo[39m: 	[32mConnected[39m
2022-06-05 20:52:31:5231 [32minfo[39m: 	[32m#######################[39m
2022-06-05 20:52:31:5231 [32minfo[39m: 	[32m#######################[39m
2022-06-05 20:52:31:5231 [32minfo[39m: 	[32m###### API REST ######[39m
2022-06-05 20:52:31:5231 [32minfo[39m: 	[32m#######################[39m
2022-06-05 20:52:31:5231 [32minfo[39m: 	[32m#######################[39m
2022-06-05 20:52:31:5231 [32minfo[39m: 	[32mhttp://localhost:3977/api/v1/[39m
2022-06-05 20:53:15:5315 [32minfo[39m: 	[32mMONGO_DB_URI mongodb+srv://dani:MongoGnab8841@cluster0.cms2n.mongodb.net/xacometer, MONGO_DB_URI_TEST, NODE_ENV[39m
2022-06-05 20:53:16:5316 [32minfo[39m: 	[32mConnected[39m
2022-06-05 20:53:17:5317 [32minfo[39m: 	[32mMONGO_DB_URI mongodb+srv://dani:MongoGnab8841@cluster0.cms2n.mongodb.net/xacometer, MONGO_DB_URI_TEST, NODE_ENV[39m
2022-06-05 20:53:17:5317 [32minfo[39m: 	[32mConnected[39m
2022-06-05 20:53:22:5322 [32minfo[39m: 	[32mMONGO_DB_URI mongodb+srv://dani:MongoGnab8841@cluster0.cms2n.mongodb.net/xacometer, MONGO_DB_URI_TEST, NODE_ENV[39m
2022-06-05 20:53:22:5322 [32minfo[39m: 	[32mConnected[39m
2022-06-05 20:53:22:5322 [32minfo[39m: 	[32m#######################[39m
2022-06-05 20:53:22:5322 [32minfo[39m: 	[32m#######################[39m
2022-06-05 20:53:22:5322 [32minfo[39m: 	[32m###### API REST ######[39m
2022-06-05 20:53:22:5322 [32minfo[39m: 	[32m#######################[39m
2022-06-05 20:53:22:5322 [32minfo[39m: 	[32m#######################[39m
2022-06-05 20:53:22:5322 [32minfo[39m: 	[32mhttp://localhost:3977/api/v1/[39m
2022-06-05 20:55:01:551 [32minfo[39m: 	[32mMONGO_DB_URI mongodb+srv://dani:MongoGnab8841@cluster0.cms2n.mongodb.net/xacometer, MONGO_DB_URI_TEST, NODE_ENV[39m
2022-06-05 20:55:02:552 [32minfo[39m: 	[32mConnected[39m
2022-06-05 20:55:06:556 [32minfo[39m: 	[32mMONGO_DB_URI mongodb+srv://dani:MongoGnab8841@cluster0.cms2n.mongodb.net/xacometer, MONGO_DB_URI_TEST, NODE_ENV[39m
2022-06-05 20:55:06:556 [32minfo[39m: 	[32mConnected[39m
2022-06-05 20:55:06:556 [32minfo[39m: 	[32m#######################[39m
2022-06-05 20:55:06:556 [32minfo[39m: 	[32m#######################[39m
2022-06-05 20:55:06:556 [32minfo[39m: 	[32m###### API REST ######[39m
2022-06-05 20:55:06:556 [32minfo[39m: 	[32m#######################[39m
2022-06-05 20:55:06:556 [32minfo[39m: 	[32m#######################[39m
2022-06-05 20:55:06:556 [32minfo[39m: 	[32mhttp://localhost:3977/api/v1/[39m
2022-06-05 20:58:08:588 [32minfo[39m: 	[32mMONGO_DB_URI mongodb+srv://dani:MongoGnab8841@cluster0.cms2n.mongodb.net/xacometer, MONGO_DB_URI_TEST, NODE_ENV[39m
2022-06-05 20:58:08:588 [32minfo[39m: 	[32mConnected[39m
2022-06-05 20:58:12:5812 [32minfo[39m: 	[32mMONGO_DB_URI mongodb+srv://dani:MongoGnab8841@cluster0.cms2n.mongodb.net/xacometer, MONGO_DB_URI_TEST, NODE_ENV[39m
2022-06-05 20:58:13:5813 [32minfo[39m: 	[32mConnected[39m
2022-06-05 20:59:04:594 [32minfo[39m: 	[32mMONGO_DB_URI mongodb+srv://dani:MongoGnab8841@cluster0.cms2n.mongodb.net/xacometer, MONGO_DB_URI_TEST, NODE_ENV[39m
2022-06-05 20:59:04:594 [32minfo[39m: 	[32mConnected[39m
2022-06-05 20:59:09:599 [32minfo[39m: 	[32mMONGO_DB_URI mongodb+srv://dani:MongoGnab8841@cluster0.cms2n.mongodb.net/xacometer, MONGO_DB_URI_TEST, NODE_ENV[39m
2022-06-05 20:59:09:599 [32minfo[39m: 	[32mConnected[39m
2022-06-05 20:59:16:5916 [32minfo[39m: 	[32mMONGO_DB_URI mongodb+srv://dani:MongoGnab8841@cluster0.cms2n.mongodb.net/xacometer, MONGO_DB_URI_TEST, NODE_ENV[39m
2022-06-05 20:59:17:5917 [32minfo[39m: 	[32mConnected[39m
2022-06-05 20:59:22:5922 [32minfo[39m: 	[32mMONGO_DB_URI mongodb+srv://dani:MongoGnab8841@cluster0.cms2n.mongodb.net/xacometer, MONGO_DB_URI_TEST, NODE_ENV[39m
2022-06-05 20:59:22:5922 [32minfo[39m: 	[32mConnected[39m
2022-06-05 20:59:32:5932 [32minfo[39m: 	[32mMONGO_DB_URI mongodb+srv://dani:MongoGnab8841@cluster0.cms2n.mongodb.net/xacometer, MONGO_DB_URI_TEST, NODE_ENV[39m
2022-06-05 20:59:32:5932 [32minfo[39m: 	[32mConnected[39m
2022-06-05 20:59:36:5936 [32minfo[39m: 	[32mMONGO_DB_URI mongodb+srv://dani:MongoGnab8841@cluster0.cms2n.mongodb.net/xacometer, MONGO_DB_URI_TEST, NODE_ENV[39m
2022-06-05 20:59:36:5936 [32minfo[39m: 	[32mConnected[39m
2022-06-05 20:59:38:5938 [32minfo[39m: 	[32mMONGO_DB_URI mongodb+srv://dani:MongoGnab8841@cluster0.cms2n.mongodb.net/xacometer, MONGO_DB_URI_TEST, NODE_ENV[39m
2022-06-05 20:59:38:5938 [32minfo[39m: 	[32mConnected[39m
2022-06-05 20:59:44:5944 [32minfo[39m: 	[32mMONGO_DB_URI mongodb+srv://dani:MongoGnab8841@cluster0.cms2n.mongodb.net/xacometer, MONGO_DB_URI_TEST, NODE_ENV[39m
2022-06-05 20:59:44:5944 [32minfo[39m: 	[32mConnected[39m
2022-06-05 20:59:48:5948 [32minfo[39m: 	[32mMONGO_DB_URI mongodb+srv://dani:MongoGnab8841@cluster0.cms2n.mongodb.net/xacometer, MONGO_DB_URI_TEST, NODE_ENV[39m
2022-06-05 20:59:48:5948 [32minfo[39m: 	[32mConnected[39m
2022-06-05 20:59:51:5951 [32minfo[39m: 	[32mMONGO_DB_URI mongodb+srv://dani:MongoGnab8841@cluster0.cms2n.mongodb.net/xacometer, MONGO_DB_URI_TEST, NODE_ENV[39m
2022-06-05 20:59:51:5951 [32minfo[39m: 	[32mConnected[39m
2022-06-05 20:59:54:5954 [32minfo[39m: 	[32mMONGO_DB_URI mongodb+srv://dani:MongoGnab8841@cluster0.cms2n.mongodb.net/xacometer, MONGO_DB_URI_TEST, NODE_ENV[39m
2022-06-05 20:59:54:5954 [32minfo[39m: 	[32mConnected[39m
2022-06-05 20:59:56:5956 [32minfo[39m: 	[32mMONGO_DB_URI mongodb+srv://dani:MongoGnab8841@cluster0.cms2n.mongodb.net/xacometer, MONGO_DB_URI_TEST, NODE_ENV[39m
2022-06-05 20:59:56:5956 [32minfo[39m: 	[32mConnected[39m
2022-06-05 21:00:01:01 [32minfo[39m: 	[32mMONGO_DB_URI mongodb+srv://dani:MongoGnab8841@cluster0.cms2n.mongodb.net/xacometer, MONGO_DB_URI_TEST, NODE_ENV[39m
2022-06-05 21:00:01:01 [32minfo[39m: 	[32mConnected[39m
2022-06-05 21:00:08:08 [32minfo[39m: 	[32mMONGO_DB_URI mongodb+srv://dani:MongoGnab8841@cluster0.cms2n.mongodb.net/xacometer, MONGO_DB_URI_TEST, NODE_ENV[39m
2022-06-05 21:00:08:08 [32minfo[39m: 	[32mConnected[39m
2022-06-05 21:00:10:010 [32minfo[39m: 	[32mMONGO_DB_URI mongodb+srv://dani:MongoGnab8841@cluster0.cms2n.mongodb.net/xacometer, MONGO_DB_URI_TEST, NODE_ENV[39m
2022-06-05 21:00:10:010 [32minfo[39m: 	[32mConnected[39m
2022-06-05 21:00:11:011 [32minfo[39m: 	[32mMONGO_DB_URI mongodb+srv://dani:MongoGnab8841@cluster0.cms2n.mongodb.net/xacometer, MONGO_DB_URI_TEST, NODE_ENV[39m
2022-06-05 21:00:12:012 [32minfo[39m: 	[32mConnected[39m
2022-06-05 21:00:14:014 [32minfo[39m: 	[32mMONGO_DB_URI mongodb+srv://dani:MongoGnab8841@cluster0.cms2n.mongodb.net/xacometer, MONGO_DB_URI_TEST, NODE_ENV[39m
2022-06-05 21:00:14:014 [32minfo[39m: 	[32mConnected[39m
2022-06-05 21:00:18:018 [32minfo[39m: 	[32mMONGO_DB_URI mongodb+srv://dani:MongoGnab8841@cluster0.cms2n.mongodb.net/xacometer, MONGO_DB_URI_TEST, NODE_ENV[39m
2022-06-05 21:00:18:018 [32minfo[39m: 	[32mConnected[39m
2022-06-05 21:00:55:055 [32minfo[39m: 	[32mMONGO_DB_URI mongodb+srv://dani:MongoGnab8841@cluster0.cms2n.mongodb.net/xacometer, MONGO_DB_URI_TEST, NODE_ENV[39m
2022-06-05 21:00:56:056 [32minfo[39m: 	[32mConnected[39m
2022-06-05 21:00:56:056 [32minfo[39m: 	[32m#######################[39m
2022-06-05 21:00:56:056 [32minfo[39m: 	[32m#######################[39m
2022-06-05 21:00:56:056 [32minfo[39m: 	[32m###### API REST ######[39m
2022-06-05 21:00:56:056 [32minfo[39m: 	[32m#######################[39m
2022-06-05 21:00:56:056 [32minfo[39m: 	[32m#######################[39m
2022-06-05 21:00:56:056 [32minfo[39m: 	[32mhttp://localhost:3977/api/v1/[39m
2022-06-05 21:00:58:058 [32minfo[39m: 	[32mMONGO_DB_URI mongodb+srv://dani:MongoGnab8841@cluster0.cms2n.mongodb.net/xacometer, MONGO_DB_URI_TEST, NODE_ENV[39m
2022-06-05 21:00:58:058 [32minfo[39m: 	[32mConnected[39m
2022-06-05 21:00:58:058 [32minfo[39m: 	[32m#######################[39m
2022-06-05 21:00:58:058 [32minfo[39m: 	[32m#######################[39m
2022-06-05 21:00:58:058 [32minfo[39m: 	[32m###### API REST ######[39m
2022-06-05 21:00:58:058 [32minfo[39m: 	[32m#######################[39m
2022-06-05 21:00:58:058 [32minfo[39m: 	[32m#######################[39m
2022-06-05 21:00:58:058 [32minfo[39m: 	[32mhttp://localhost:3977/api/v1/[39m
2022-06-05 21:00:59:059 [32minfo[39m: 	[32mMONGO_DB_URI mongodb+srv://dani:MongoGnab8841@cluster0.cms2n.mongodb.net/xacometer, MONGO_DB_URI_TEST, NODE_ENV[39m
2022-06-05 21:00:59:059 [32minfo[39m: 	[32mConnected[39m
2022-06-05 21:00:59:059 [32minfo[39m: 	[32m#######################[39m
2022-06-05 21:00:59:059 [32minfo[39m: 	[32m#######################[39m
2022-06-05 21:00:59:059 [32minfo[39m: 	[32m###### API REST ######[39m
2022-06-05 21:00:59:059 [32minfo[39m: 	[32m#######################[39m
2022-06-05 21:00:59:059 [32minfo[39m: 	[32m#######################[39m
2022-06-05 21:00:59:059 [32minfo[39m: 	[32mhttp://localhost:3977/api/v1/[39m
2022-06-05 21:01:01:11 [32minfo[39m: 	[32mMONGO_DB_URI mongodb+srv://dani:MongoGnab8841@cluster0.cms2n.mongodb.net/xacometer, MONGO_DB_URI_TEST, NODE_ENV[39m
2022-06-05 21:01:02:12 [32minfo[39m: 	[32mMONGO_DB_URI mongodb+srv://dani:MongoGnab8841@cluster0.cms2n.mongodb.net/xacometer, MONGO_DB_URI_TEST, NODE_ENV[39m
2022-06-05 21:01:02:12 [32minfo[39m: 	[32mConnected[39m
2022-06-05 21:01:02:12 [32minfo[39m: 	[32m#######################[39m
2022-06-05 21:01:02:12 [32minfo[39m: 	[32m#######################[39m
2022-06-05 21:01:02:12 [32minfo[39m: 	[32m###### API REST ######[39m
2022-06-05 21:01:02:12 [32minfo[39m: 	[32m#######################[39m
2022-06-05 21:01:02:12 [32minfo[39m: 	[32m#######################[39m
2022-06-05 21:01:02:12 [32minfo[39m: 	[32mhttp://localhost:3977/api/v1/[39m
2022-06-05 21:02:45:245 [32minfo[39m: 	[32mMONGO_DB_URI mongodb+srv://dani:MongoGnab8841@cluster0.cms2n.mongodb.net/xacometer, MONGO_DB_URI_TEST, NODE_ENV[39m
2022-06-05 21:02:45:245 [32minfo[39m: 	[32mConnected[39m
2022-06-05 21:02:45:245 [32minfo[39m: 	[32m#######################[39m
2022-06-05 21:02:45:245 [32minfo[39m: 	[32m#######################[39m
2022-06-05 21:02:45:245 [32minfo[39m: 	[32m###### API REST ######[39m
2022-06-05 21:02:45:245 [32minfo[39m: 	[32m#######################[39m
2022-06-05 21:02:45:245 [32minfo[39m: 	[32m#######################[39m
2022-06-05 21:02:45:245 [32minfo[39m: 	[32mhttp://localhost:3977/api/v1/[39m
2022-06-05 21:02:47:247 [32minfo[39m: 	[32mMONGO_DB_URI mongodb+srv://dani:MongoGnab8841@cluster0.cms2n.mongodb.net/xacometer, MONGO_DB_URI_TEST, NODE_ENV[39m
2022-06-05 21:02:53:253 [32minfo[39m: 	[32mMONGO_DB_URI mongodb+srv://dani:MongoGnab8841@cluster0.cms2n.mongodb.net/xacometer, MONGO_DB_URI_TEST, NODE_ENV[39m
2022-06-05 21:02:53:253 [32minfo[39m: 	[32mConnected[39m
2022-06-05 21:02:53:253 [32minfo[39m: 	[32m#######################[39m
2022-06-05 21:02:53:253 [32minfo[39m: 	[32m#######################[39m
2022-06-05 21:02:53:253 [32minfo[39m: 	[32m###### API REST ######[39m
2022-06-05 21:02:53:253 [32minfo[39m: 	[32m#######################[39m
2022-06-05 21:02:53:253 [32minfo[39m: 	[32m#######################[39m
2022-06-05 21:02:53:253 [32minfo[39m: 	[32mhttp://localhost:3977/api/v1/[39m
2022-06-05 21:06:19:619 [32minfo[39m: 	[32mMONGO_DB_URI mongodb+srv://dani:MongoGnab8841@cluster0.cms2n.mongodb.net/xacometer, MONGO_DB_URI_TEST, NODE_ENV[39m
2022-06-05 21:06:20:620 [32minfo[39m: 	[32mConnected[39m
2022-06-05 21:06:20:620 [32minfo[39m: 	[32m#######################[39m
2022-06-05 21:06:20:620 [32minfo[39m: 	[32m#######################[39m
2022-06-05 21:06:20:620 [32minfo[39m: 	[32m###### API REST ######[39m
2022-06-05 21:06:20:620 [32minfo[39m: 	[32m#######################[39m
2022-06-05 21:06:20:620 [32minfo[39m: 	[32m#######################[39m
2022-06-05 21:06:20:620 [32minfo[39m: 	[32mhttp://localhost:3977/api/v1/[39m
2022-06-05 21:06:35:635 [32minfo[39m: 	[32mMONGO_DB_URI mongodb+srv://dani:MongoGnab8841@cluster0.cms2n.mongodb.net/xacometer, MONGO_DB_URI_TEST, NODE_ENV[39m
2022-06-05 21:06:35:635 [32minfo[39m: 	[32mConnected[39m
2022-06-05 21:06:35:635 [32minfo[39m: 	[32m#######################[39m
2022-06-05 21:06:35:635 [32minfo[39m: 	[32m#######################[39m
2022-06-05 21:06:35:635 [32minfo[39m: 	[32m###### API REST ######[39m
2022-06-05 21:06:35:635 [32minfo[39m: 	[32m#######################[39m
2022-06-05 21:06:35:635 [32minfo[39m: 	[32m#######################[39m
2022-06-05 21:06:35:635 [32minfo[39m: 	[32mhttp://localhost:3977/api/v1/[39m
2022-06-05 21:06:51:651 [32minfo[39m: 	[32mMONGO_DB_URI mongodb+srv://dani:MongoGnab8841@cluster0.cms2n.mongodb.net/xacometer, MONGO_DB_URI_TEST, NODE_ENV[39m
2022-06-05 21:06:52:652 [32minfo[39m: 	[32mConnected[39m
2022-06-05 21:08:35:835 [32minfo[39m: 	[32mMONGO_DB_URI mongodb+srv://dani:MongoGnab8841@cluster0.cms2n.mongodb.net/xacometer, MONGO_DB_URI_TEST, NODE_ENV[39m
2022-06-05 21:08:35:835 [32minfo[39m: 	[32mConnected[39m
2022-06-05 21:08:35:835 [32minfo[39m: 	[32m#######################[39m
2022-06-05 21:08:35:835 [32minfo[39m: 	[32m#######################[39m
2022-06-05 21:08:35:835 [32minfo[39m: 	[32m###### API REST ######[39m
2022-06-05 21:08:35:835 [32minfo[39m: 	[32m#######################[39m
2022-06-05 21:08:35:835 [32minfo[39m: 	[32m#######################[39m
2022-06-05 21:08:35:835 [32minfo[39m: 	[32mhttp://localhost:3977/api/v1/[39m
2022-06-05 21:08:45:845 [32minfo[39m: 	[32mMONGO_DB_URI mongodb+srv://dani:MongoGnab8841@cluster0.cms2n.mongodb.net/xacometer, MONGO_DB_URI_TEST, NODE_ENV[39m
2022-06-05 21:08:45:845 [32minfo[39m: 	[32mConnected[39m
2022-06-05 21:08:45:845 [32minfo[39m: 	[32m#######################[39m
2022-06-05 21:08:45:845 [32minfo[39m: 	[32m#######################[39m
2022-06-05 21:08:45:845 [32minfo[39m: 	[32m###### API REST ######[39m
2022-06-05 21:08:45:845 [32minfo[39m: 	[32m#######################[39m
2022-06-05 21:08:45:845 [32minfo[39m: 	[32m#######################[39m
2022-06-05 21:08:45:845 [32minfo[39m: 	[32mhttp://localhost:3977/api/v1/[39m
2022-06-05 21:08:47:847 [32minfo[39m: 	[32mMONGO_DB_URI mongodb+srv://dani:MongoGnab8841@cluster0.cms2n.mongodb.net/xacometer, MONGO_DB_URI_TEST, NODE_ENV[39m
2022-06-05 21:08:48:848 [32minfo[39m: 	[32mConnected[39m
2022-06-05 21:08:48:848 [32minfo[39m: 	[32m#######################[39m
2022-06-05 21:08:48:848 [32minfo[39m: 	[32m#######################[39m
2022-06-05 21:08:48:848 [32minfo[39m: 	[32m###### API REST ######[39m
2022-06-05 21:08:48:848 [32minfo[39m: 	[32m#######################[39m
2022-06-05 21:08:48:848 [32minfo[39m: 	[32m#######################[39m
2022-06-05 21:08:48:848 [32minfo[39m: 	[32mhttp://localhost:3977/api/v1/[39m
2022-06-05 21:08:49:849 [32minfo[39m: 	[32mMONGO_DB_URI mongodb+srv://dani:MongoGnab8841@cluster0.cms2n.mongodb.net/xacometer, MONGO_DB_URI_TEST, NODE_ENV[39m
2022-06-05 21:08:50:850 [32minfo[39m: 	[32mConnected[39m
2022-06-05 21:08:50:850 [32minfo[39m: 	[32m#######################[39m
2022-06-05 21:08:50:850 [32minfo[39m: 	[32m#######################[39m
2022-06-05 21:08:50:850 [32minfo[39m: 	[32m###### API REST ######[39m
2022-06-05 21:08:50:850 [32minfo[39m: 	[32m#######################[39m
2022-06-05 21:08:50:850 [32minfo[39m: 	[32m#######################[39m
2022-06-05 21:08:50:850 [32minfo[39m: 	[32mhttp://localhost:3977/api/v1/[39m
2022-06-05 21:08:54:854 [32minfo[39m: 	[32mMONGO_DB_URI mongodb+srv://dani:MongoGnab8841@cluster0.cms2n.mongodb.net/xacometer, MONGO_DB_URI_TEST, NODE_ENV[39m
2022-06-05 21:08:54:854 [32minfo[39m: 	[32mConnected[39m
2022-06-05 21:08:54:854 [32minfo[39m: 	[32m#######################[39m
2022-06-05 21:08:54:854 [32minfo[39m: 	[32m#######################[39m
2022-06-05 21:08:54:854 [32minfo[39m: 	[32m###### API REST ######[39m
2022-06-05 21:08:54:854 [32minfo[39m: 	[32m#######################[39m
2022-06-05 21:08:54:854 [32minfo[39m: 	[32m#######################[39m
2022-06-05 21:08:54:854 [32minfo[39m: 	[32mhttp://localhost:3977/api/v1/[39m
2022-06-05 21:08:58:858 [32minfo[39m: 	[32mMONGO_DB_URI mongodb+srv://dani:MongoGnab8841@cluster0.cms2n.mongodb.net/xacometer, MONGO_DB_URI_TEST, NODE_ENV[39m
2022-06-05 21:08:58:858 [32minfo[39m: 	[32mConnected[39m
2022-06-05 21:09:52:952 [32minfo[39m: 	[32mMONGO_DB_URI mongodb+srv://dani:MongoGnab8841@cluster0.cms2n.mongodb.net/xacometer, MONGO_DB_URI_TEST, NODE_ENV[39m
2022-06-05 21:09:53:953 [32minfo[39m: 	[32mConnected[39m
2022-06-05 21:09:53:953 [32minfo[39m: 	[32m#######################[39m
2022-06-05 21:09:53:953 [32minfo[39m: 	[32m#######################[39m
2022-06-05 21:09:53:953 [32minfo[39m: 	[32m###### API REST ######[39m
2022-06-05 21:09:53:953 [32minfo[39m: 	[32m#######################[39m
2022-06-05 21:09:53:953 [32minfo[39m: 	[32m#######################[39m
2022-06-05 21:09:53:953 [32minfo[39m: 	[32mhttp://localhost:3977/api/v1/[39m
2022-06-05 21:09:54:954 [32minfo[39m: 	[32mMONGO_DB_URI mongodb+srv://dani:MongoGnab8841@cluster0.cms2n.mongodb.net/xacometer, MONGO_DB_URI_TEST, NODE_ENV[39m
2022-06-05 21:09:55:955 [32minfo[39m: 	[32mConnected[39m
2022-06-05 21:09:55:955 [32minfo[39m: 	[32m#######################[39m
2022-06-05 21:09:55:955 [32minfo[39m: 	[32m#######################[39m
2022-06-05 21:09:55:955 [32minfo[39m: 	[32m###### API REST ######[39m
2022-06-05 21:09:55:955 [32minfo[39m: 	[32m#######################[39m
2022-06-05 21:09:55:955 [32minfo[39m: 	[32m#######################[39m
2022-06-05 21:09:55:955 [32minfo[39m: 	[32mhttp://localhost:3977/api/v1/[39m
2022-06-05 21:09:58:958 [32minfo[39m: 	[32mMONGO_DB_URI mongodb+srv://dani:MongoGnab8841@cluster0.cms2n.mongodb.net/xacometer, MONGO_DB_URI_TEST, NODE_ENV[39m
2022-06-05 21:09:58:958 [32minfo[39m: 	[32mConnected[39m
2022-06-05 21:10:24:1024 [32minfo[39m: 	[32mMONGO_DB_URI mongodb+srv://dani:MongoGnab8841@cluster0.cms2n.mongodb.net/xacometer, MONGO_DB_URI_TEST, NODE_ENV[39m
2022-06-05 21:10:25:1025 [32minfo[39m: 	[32mConnected[39m
2022-06-05 21:10:25:1025 [32minfo[39m: 	[32m#######################[39m
2022-06-05 21:10:25:1025 [32minfo[39m: 	[32m#######################[39m
2022-06-05 21:10:25:1025 [32minfo[39m: 	[32m###### API REST ######[39m
2022-06-05 21:10:25:1025 [32minfo[39m: 	[32m#######################[39m
2022-06-05 21:10:25:1025 [32minfo[39m: 	[32m#######################[39m
2022-06-05 21:10:25:1025 [32minfo[39m: 	[32mhttp://localhost:3977/api/v1/[39m
2022-06-05 21:10:28:1028 [32minfo[39m: 	[32mMONGO_DB_URI mongodb+srv://dani:MongoGnab8841@cluster0.cms2n.mongodb.net/xacometer, MONGO_DB_URI_TEST, NODE_ENV[39m
2022-06-05 21:10:29:1029 [32minfo[39m: 	[32mConnected[39m
2022-06-05 21:10:45:1045 [32minfo[39m: 	[32mMONGO_DB_URI mongodb+srv://dani:MongoGnab8841@cluster0.cms2n.mongodb.net/xacometer, MONGO_DB_URI_TEST, NODE_ENV[39m
2022-06-05 21:10:45:1045 [32minfo[39m: 	[32mConnected[39m
2022-06-05 21:10:45:1045 [32minfo[39m: 	[32m#######################[39m
2022-06-05 21:10:45:1045 [32minfo[39m: 	[32m#######################[39m
2022-06-05 21:10:45:1045 [32minfo[39m: 	[32m###### API REST ######[39m
2022-06-05 21:10:45:1045 [32minfo[39m: 	[32m#######################[39m
2022-06-05 21:10:45:1045 [32minfo[39m: 	[32m#######################[39m
2022-06-05 21:10:45:1045 [32minfo[39m: 	[32mhttp://localhost:3977/api/v1/[39m
2022-06-05 21:12:15:1215 [32minfo[39m: 	[32mMONGO_DB_URI mongodb+srv://dani:MongoGnab8841@cluster0.cms2n.mongodb.net/xacometer, MONGO_DB_URI_TEST, NODE_ENV[39m
2022-06-05 21:12:16:1216 [32minfo[39m: 	[32mConnected[39m
2022-06-05 21:12:16:1216 [32minfo[39m: 	[32m#######################[39m
2022-06-05 21:12:16:1216 [32minfo[39m: 	[32m#######################[39m
2022-06-05 21:12:16:1216 [32minfo[39m: 	[32m###### API REST ######[39m
2022-06-05 21:12:16:1216 [32minfo[39m: 	[32m#######################[39m
2022-06-05 21:12:16:1216 [32minfo[39m: 	[32m#######################[39m
2022-06-05 21:12:16:1216 [32minfo[39m: 	[32mhttp://localhost:3977/api/v1/[39m
2022-06-05 21:13:31:1331 [32minfo[39m: 	[32mMONGO_DB_URI mongodb+srv://dani:MongoGnab8841@cluster0.cms2n.mongodb.net/xacometer, MONGO_DB_URI_TEST, NODE_ENV[39m
2022-06-05 21:13:31:1331 [32minfo[39m: 	[32mConnected[39m
2022-06-05 21:13:31:1331 [32minfo[39m: 	[32m#######################[39m
2022-06-05 21:13:31:1331 [32minfo[39m: 	[32m#######################[39m
2022-06-05 21:13:31:1331 [32minfo[39m: 	[32m###### API REST ######[39m
2022-06-05 21:13:31:1331 [32minfo[39m: 	[32m#######################[39m
2022-06-05 21:13:31:1331 [32minfo[39m: 	[32m#######################[39m
2022-06-05 21:13:31:1331 [32minfo[39m: 	[32mhttp://localhost:3977/api/v1/[39m
2022-06-05 21:13:33:1333 [32minfo[39m: 	[32mMONGO_DB_URI mongodb+srv://dani:MongoGnab8841@cluster0.cms2n.mongodb.net/xacometer, MONGO_DB_URI_TEST, NODE_ENV[39m
2022-06-05 21:13:33:1333 [32minfo[39m: 	[32mConnected[39m
2022-06-05 21:13:33:1333 [32minfo[39m: 	[32m#######################[39m
2022-06-05 21:13:33:1333 [32minfo[39m: 	[32m#######################[39m
2022-06-05 21:13:33:1333 [32minfo[39m: 	[32m###### API REST ######[39m
2022-06-05 21:13:33:1333 [32minfo[39m: 	[32m#######################[39m
2022-06-05 21:13:33:1333 [32minfo[39m: 	[32m#######################[39m
2022-06-05 21:13:33:1333 [32minfo[39m: 	[32mhttp://localhost:3977/api/v1/[39m
2022-06-05 21:13:39:1339 [32minfo[39m: 	[32mMONGO_DB_URI mongodb+srv://dani:MongoGnab8841@cluster0.cms2n.mongodb.net/xacometer, MONGO_DB_URI_TEST, NODE_ENV[39m
2022-06-05 21:13:40:1340 [32minfo[39m: 	[32mConnected[39m
2022-06-05 21:13:40:1340 [32minfo[39m: 	[32m#######################[39m
2022-06-05 21:13:40:1340 [32minfo[39m: 	[32m#######################[39m
2022-06-05 21:13:40:1340 [32minfo[39m: 	[32m###### API REST ######[39m
2022-06-05 21:13:40:1340 [32minfo[39m: 	[32m#######################[39m
2022-06-05 21:13:40:1340 [32minfo[39m: 	[32m#######################[39m
2022-06-05 21:13:40:1340 [32minfo[39m: 	[32mhttp://localhost:3977/api/v1/[39m
2022-06-05 21:13:41:1341 [32minfo[39m: 	[32mMONGO_DB_URI mongodb+srv://dani:MongoGnab8841@cluster0.cms2n.mongodb.net/xacometer, MONGO_DB_URI_TEST, NODE_ENV[39m
2022-06-05 21:13:41:1341 [32minfo[39m: 	[32mConnected[39m
2022-06-05 21:13:41:1341 [32minfo[39m: 	[32m#######################[39m
2022-06-05 21:13:41:1341 [32minfo[39m: 	[32m#######################[39m
2022-06-05 21:13:41:1341 [32minfo[39m: 	[32m###### API REST ######[39m
2022-06-05 21:13:41:1341 [32minfo[39m: 	[32m#######################[39m
2022-06-05 21:13:41:1341 [32minfo[39m: 	[32m#######################[39m
2022-06-05 21:13:41:1341 [32minfo[39m: 	[32mhttp://localhost:3977/api/v1/[39m
2022-06-05 21:13:57:1357 [32minfo[39m: 	[32mMONGO_DB_URI mongodb+srv://dani:MongoGnab8841@cluster0.cms2n.mongodb.net/xacometer, MONGO_DB_URI_TEST, NODE_ENV[39m
2022-06-05 21:13:57:1357 [32minfo[39m: 	[32mConnected[39m
2022-06-05 21:13:57:1357 [32minfo[39m: 	[32m#######################[39m
2022-06-05 21:13:57:1357 [32minfo[39m: 	[32m#######################[39m
2022-06-05 21:13:57:1357 [32minfo[39m: 	[32m###### API REST ######[39m
2022-06-05 21:13:57:1357 [32minfo[39m: 	[32m#######################[39m
2022-06-05 21:13:57:1357 [32minfo[39m: 	[32m#######################[39m
2022-06-05 21:13:57:1357 [32minfo[39m: 	[32mhttp://localhost:3977/api/v1/[39m
2022-06-05 21:14:02:142 [32minfo[39m: 	[32mMONGO_DB_URI mongodb+srv://dani:MongoGnab8841@cluster0.cms2n.mongodb.net/xacometer, MONGO_DB_URI_TEST, NODE_ENV[39m
2022-06-05 21:14:02:142 [32minfo[39m: 	[32mConnected[39m
2022-06-05 21:14:02:142 [32minfo[39m: 	[32m#######################[39m
2022-06-05 21:14:02:142 [32minfo[39m: 	[32m#######################[39m
2022-06-05 21:14:02:142 [32minfo[39m: 	[32m###### API REST ######[39m
2022-06-05 21:14:02:142 [32minfo[39m: 	[32m#######################[39m
2022-06-05 21:14:02:142 [32minfo[39m: 	[32m#######################[39m
2022-06-05 21:14:02:142 [32minfo[39m: 	[32mhttp://localhost:3977/api/v1/[39m
2022-06-05 21:16:39:1639 [32minfo[39m: 	[32mMONGO_DB_URI mongodb+srv://dani:MongoGnab8841@cluster0.cms2n.mongodb.net/xacometer, MONGO_DB_URI_TEST, NODE_ENV[39m
2022-06-05 21:16:40:1640 [32minfo[39m: 	[32mConnected[39m
2022-06-05 21:16:40:1640 [32minfo[39m: 	[32m#######################[39m
2022-06-05 21:16:40:1640 [32minfo[39m: 	[32m#######################[39m
2022-06-05 21:16:40:1640 [32minfo[39m: 	[32m###### API REST ######[39m
2022-06-05 21:16:40:1640 [32minfo[39m: 	[32m#######################[39m
2022-06-05 21:16:40:1640 [32minfo[39m: 	[32m#######################[39m
2022-06-05 21:16:40:1640 [32minfo[39m: 	[32mhttp://localhost:3977/api/v1/[39m
2022-06-05 21:16:42:1642 [32minfo[39m: 	[32mMONGO_DB_URI mongodb+srv://dani:MongoGnab8841@cluster0.cms2n.mongodb.net/xacometer, MONGO_DB_URI_TEST, NODE_ENV[39m
2022-06-05 21:16:42:1642 [32minfo[39m: 	[32mConnected[39m
2022-06-05 21:16:42:1642 [32minfo[39m: 	[32m#######################[39m
2022-06-05 21:16:42:1642 [32minfo[39m: 	[32m#######################[39m
2022-06-05 21:16:42:1642 [32minfo[39m: 	[32m###### API REST ######[39m
2022-06-05 21:16:42:1642 [32minfo[39m: 	[32m#######################[39m
2022-06-05 21:16:42:1642 [32minfo[39m: 	[32m#######################[39m
2022-06-05 21:16:42:1642 [32minfo[39m: 	[32mhttp://localhost:3977/api/v1/[39m
2022-06-05 21:16:44:1644 [32minfo[39m: 	[32mMONGO_DB_URI mongodb+srv://dani:MongoGnab8841@cluster0.cms2n.mongodb.net/xacometer, MONGO_DB_URI_TEST, NODE_ENV[39m
2022-06-05 21:16:44:1644 [32minfo[39m: 	[32mConnected[39m
2022-06-05 21:16:44:1644 [32minfo[39m: 	[32m#######################[39m
2022-06-05 21:16:44:1644 [32minfo[39m: 	[32m#######################[39m
2022-06-05 21:16:44:1644 [32minfo[39m: 	[32m###### API REST ######[39m
2022-06-05 21:16:44:1644 [32minfo[39m: 	[32m#######################[39m
2022-06-05 21:16:44:1644 [32minfo[39m: 	[32m#######################[39m
2022-06-05 21:16:44:1644 [32minfo[39m: 	[32mhttp://localhost:3977/api/v1/[39m
2022-06-05 21:17:08:178 [32minfo[39m: 	[32mMONGO_DB_URI mongodb+srv://dani:MongoGnab8841@cluster0.cms2n.mongodb.net/xacometer, MONGO_DB_URI_TEST, NODE_ENV[39m
2022-06-05 21:17:08:178 [32minfo[39m: 	[32mConnected[39m
2022-06-05 21:17:08:178 [32minfo[39m: 	[32m#######################[39m
2022-06-05 21:17:08:178 [32minfo[39m: 	[32m#######################[39m
2022-06-05 21:17:08:178 [32minfo[39m: 	[32m###### API REST ######[39m
2022-06-05 21:17:08:178 [32minfo[39m: 	[32m#######################[39m
2022-06-05 21:17:08:178 [32minfo[39m: 	[32m#######################[39m
2022-06-05 21:17:08:178 [32minfo[39m: 	[32mhttp://localhost:3977/api/v1/[39m
2022-06-05 21:17:11:1711 [32minfo[39m: 	[32mMONGO_DB_URI mongodb+srv://dani:MongoGnab8841@cluster0.cms2n.mongodb.net/xacometer, MONGO_DB_URI_TEST, NODE_ENV[39m
2022-06-05 21:17:11:1711 [32minfo[39m: 	[32mConnected[39m
2022-06-05 21:17:11:1711 [32minfo[39m: 	[32m#######################[39m
2022-06-05 21:17:11:1711 [32minfo[39m: 	[32m#######################[39m
2022-06-05 21:17:11:1711 [32minfo[39m: 	[32m###### API REST ######[39m
2022-06-05 21:17:11:1711 [32minfo[39m: 	[32m#######################[39m
2022-06-05 21:17:11:1711 [32minfo[39m: 	[32m#######################[39m
2022-06-05 21:17:11:1711 [32minfo[39m: 	[32mhttp://localhost:3977/api/v1/[39m
2022-06-05 21:17:28:1728 [32minfo[39m: 	[32mMONGO_DB_URI mongodb+srv://dani:MongoGnab8841@cluster0.cms2n.mongodb.net/xacometer, MONGO_DB_URI_TEST, NODE_ENV[39m
2022-06-05 21:17:28:1728 [32minfo[39m: 	[32mConnected[39m
2022-06-05 21:17:28:1728 [32minfo[39m: 	[32m#######################[39m
2022-06-05 21:17:28:1728 [32minfo[39m: 	[32m#######################[39m
2022-06-05 21:17:28:1728 [32minfo[39m: 	[32m###### API REST ######[39m
2022-06-05 21:17:28:1728 [32minfo[39m: 	[32m#######################[39m
2022-06-05 21:17:28:1728 [32minfo[39m: 	[32m#######################[39m
2022-06-05 21:17:28:1728 [32minfo[39m: 	[32mhttp://localhost:3977/api/v1/[39m
2022-06-05 21:17:56:1756 [32minfo[39m: 	[32mMONGO_DB_URI mongodb+srv://dani:MongoGnab8841@cluster0.cms2n.mongodb.net/xacometer, MONGO_DB_URI_TEST, NODE_ENV[39m
2022-06-05 21:17:57:1757 [32minfo[39m: 	[32mConnected[39m
2022-06-05 21:17:57:1757 [32minfo[39m: 	[32m#######################[39m
2022-06-05 21:17:57:1757 [32minfo[39m: 	[32m#######################[39m
2022-06-05 21:17:57:1757 [32minfo[39m: 	[32m###### API REST ######[39m
2022-06-05 21:17:57:1757 [32minfo[39m: 	[32m#######################[39m
2022-06-05 21:17:57:1757 [32minfo[39m: 	[32m#######################[39m
2022-06-05 21:17:57:1757 [32minfo[39m: 	[32mhttp://localhost:3977/api/v1/[39m
2022-06-05 21:17:58:1758 [32minfo[39m: 	[32mMONGO_DB_URI mongodb+srv://dani:MongoGnab8841@cluster0.cms2n.mongodb.net/xacometer, MONGO_DB_URI_TEST, NODE_ENV[39m
2022-06-05 21:17:59:1759 [32minfo[39m: 	[32mConnected[39m
2022-06-05 21:17:59:1759 [32minfo[39m: 	[32m#######################[39m
2022-06-05 21:17:59:1759 [32minfo[39m: 	[32m#######################[39m
2022-06-05 21:17:59:1759 [32minfo[39m: 	[32m###### API REST ######[39m
2022-06-05 21:17:59:1759 [32minfo[39m: 	[32m#######################[39m
2022-06-05 21:17:59:1759 [32minfo[39m: 	[32m#######################[39m
2022-06-05 21:17:59:1759 [32minfo[39m: 	[32mhttp://localhost:3977/api/v1/[39m
2022-06-05 21:17:59:1759 [32minfo[39m: 	[32mMONGO_DB_URI mongodb+srv://dani:MongoGnab8841@cluster0.cms2n.mongodb.net/xacometer, MONGO_DB_URI_TEST, NODE_ENV[39m
2022-06-05 21:18:00:180 [32minfo[39m: 	[32mConnected[39m
2022-06-05 21:18:00:180 [32minfo[39m: 	[32m#######################[39m
2022-06-05 21:18:00:180 [32minfo[39m: 	[32m#######################[39m
2022-06-05 21:18:00:180 [32minfo[39m: 	[32m###### API REST ######[39m
2022-06-05 21:18:00:180 [32minfo[39m: 	[32m#######################[39m
2022-06-05 21:18:00:180 [32minfo[39m: 	[32m#######################[39m
2022-06-05 21:18:00:180 [32minfo[39m: 	[32mhttp://localhost:3977/api/v1/[39m
2022-06-05 21:18:23:1823 [32minfo[39m: 	[32mMONGO_DB_URI mongodb+srv://dani:MongoGnab8841@cluster0.cms2n.mongodb.net/xacometer, MONGO_DB_URI_TEST, NODE_ENV[39m
2022-06-05 21:18:23:1823 [32minfo[39m: 	[32mConnected[39m
2022-06-05 21:18:23:1823 [32minfo[39m: 	[32m#######################[39m
2022-06-05 21:18:23:1823 [32minfo[39m: 	[32m#######################[39m
2022-06-05 21:18:23:1823 [32minfo[39m: 	[32m###### API REST ######[39m
2022-06-05 21:18:23:1823 [32minfo[39m: 	[32m#######################[39m
2022-06-05 21:18:23:1823 [32minfo[39m: 	[32m#######################[39m
2022-06-05 21:18:23:1823 [32minfo[39m: 	[32mhttp://localhost:3977/api/v1/[39m
2022-06-05 21:18:25:1825 [32minfo[39m: 	[32mMONGO_DB_URI mongodb+srv://dani:MongoGnab8841@cluster0.cms2n.mongodb.net/xacometer, MONGO_DB_URI_TEST, NODE_ENV[39m
2022-06-05 21:18:25:1825 [32minfo[39m: 	[32mConnected[39m
2022-06-05 21:18:25:1825 [32minfo[39m: 	[32m#######################[39m
2022-06-05 21:18:25:1825 [32minfo[39m: 	[32m#######################[39m
2022-06-05 21:18:25:1825 [32minfo[39m: 	[32m###### API REST ######[39m
2022-06-05 21:18:25:1825 [32minfo[39m: 	[32m#######################[39m
2022-06-05 21:18:25:1825 [32minfo[39m: 	[32m#######################[39m
2022-06-05 21:18:25:1825 [32minfo[39m: 	[32mhttp://localhost:3977/api/v1/[39m
2022-06-05 21:19:12:1912 [32minfo[39m: 	[32mMONGO_DB_URI mongodb+srv://dani:MongoGnab8841@cluster0.cms2n.mongodb.net/xacometer, MONGO_DB_URI_TEST, NODE_ENV[39m
2022-06-05 21:19:12:1912 [32minfo[39m: 	[32mConnected[39m
2022-06-05 21:19:12:1912 [32minfo[39m: 	[32m#######################[39m
2022-06-05 21:19:12:1912 [32minfo[39m: 	[32m#######################[39m
2022-06-05 21:19:12:1912 [32minfo[39m: 	[32m###### API REST ######[39m
2022-06-05 21:19:12:1912 [32minfo[39m: 	[32m#######################[39m
2022-06-05 21:19:12:1912 [32minfo[39m: 	[32m#######################[39m
2022-06-05 21:19:12:1912 [32minfo[39m: 	[32mhttp://localhost:3977/api/v1/[39m
2022-06-05 21:20:46:2046 [32minfo[39m: 	[32mMONGO_DB_URI mongodb+srv://dani:MongoGnab8841@cluster0.cms2n.mongodb.net/xacometer, MONGO_DB_URI_TEST, NODE_ENV[39m
2022-06-05 21:20:46:2046 [32minfo[39m: 	[32mConnected[39m
2022-06-05 21:20:46:2046 [32minfo[39m: 	[32m#######################[39m
2022-06-05 21:20:46:2046 [32minfo[39m: 	[32m#######################[39m
2022-06-05 21:20:46:2046 [32minfo[39m: 	[32m###### API REST ######[39m
2022-06-05 21:20:46:2046 [32minfo[39m: 	[32m#######################[39m
2022-06-05 21:20:46:2046 [32minfo[39m: 	[32m#######################[39m
2022-06-05 21:20:46:2046 [32minfo[39m: 	[32mhttp://localhost:3977/api/v1/[39m
2022-06-05 21:20:49:2049 [32minfo[39m: 	[32mMONGO_DB_URI mongodb+srv://dani:MongoGnab8841@cluster0.cms2n.mongodb.net/xacometer, MONGO_DB_URI_TEST, NODE_ENV[39m
2022-06-05 21:20:49:2049 [32minfo[39m: 	[32mConnected[39m
2022-06-05 21:20:49:2049 [32minfo[39m: 	[32m#######################[39m
2022-06-05 21:20:49:2049 [32minfo[39m: 	[32m#######################[39m
2022-06-05 21:20:49:2049 [32minfo[39m: 	[32m###### API REST ######[39m
2022-06-05 21:20:49:2049 [32minfo[39m: 	[32m#######################[39m
2022-06-05 21:20:49:2049 [32minfo[39m: 	[32m#######################[39m
2022-06-05 21:20:49:2049 [32minfo[39m: 	[32mhttp://localhost:3977/api/v1/[39m
2022-06-05 21:20:52:2052 [32minfo[39m: 	[32mMONGO_DB_URI mongodb+srv://dani:MongoGnab8841@cluster0.cms2n.mongodb.net/xacometer, MONGO_DB_URI_TEST, NODE_ENV[39m
2022-06-05 21:20:53:2053 [32minfo[39m: 	[32mConnected[39m
2022-06-05 21:20:53:2053 [32minfo[39m: 	[32m#######################[39m
2022-06-05 21:20:53:2053 [32minfo[39m: 	[32m#######################[39m
2022-06-05 21:20:53:2053 [32minfo[39m: 	[32m###### API REST ######[39m
2022-06-05 21:20:53:2053 [32minfo[39m: 	[32m#######################[39m
2022-06-05 21:20:53:2053 [32minfo[39m: 	[32m#######################[39m
2022-06-05 21:20:53:2053 [32minfo[39m: 	[32mhttp://localhost:3977/api/v1/[39m
2022-06-05 21:20:56:2056 [32minfo[39m: 	[32mMONGO_DB_URI mongodb+srv://dani:MongoGnab8841@cluster0.cms2n.mongodb.net/xacometer, MONGO_DB_URI_TEST, NODE_ENV[39m
2022-06-05 21:20:57:2057 [32minfo[39m: 	[32mConnected[39m
2022-06-05 21:20:57:2057 [32minfo[39m: 	[32m#######################[39m
2022-06-05 21:20:57:2057 [32minfo[39m: 	[32m#######################[39m
2022-06-05 21:20:57:2057 [32minfo[39m: 	[32m###### API REST ######[39m
2022-06-05 21:20:57:2057 [32minfo[39m: 	[32m#######################[39m
2022-06-05 21:20:57:2057 [32minfo[39m: 	[32m#######################[39m
2022-06-05 21:20:57:2057 [32minfo[39m: 	[32mhttp://localhost:3977/api/v1/[39m
2022-06-05 21:21:00:210 [32minfo[39m: 	[32mMONGO_DB_URI mongodb+srv://dani:MongoGnab8841@cluster0.cms2n.mongodb.net/xacometer, MONGO_DB_URI_TEST, NODE_ENV[39m
2022-06-05 21:21:01:211 [32minfo[39m: 	[32mConnected[39m
2022-06-05 21:21:01:211 [32minfo[39m: 	[32m#######################[39m
2022-06-05 21:21:01:211 [32minfo[39m: 	[32m#######################[39m
2022-06-05 21:21:01:211 [32minfo[39m: 	[32m###### API REST ######[39m
2022-06-05 21:21:01:211 [32minfo[39m: 	[32m#######################[39m
2022-06-05 21:21:01:211 [32minfo[39m: 	[32m#######################[39m
2022-06-05 21:21:01:211 [32minfo[39m: 	[32mhttp://localhost:3977/api/v1/[39m
2022-06-05 21:21:02:212 [32minfo[39m: 	[32mMONGO_DB_URI mongodb+srv://dani:MongoGnab8841@cluster0.cms2n.mongodb.net/xacometer, MONGO_DB_URI_TEST, NODE_ENV[39m
2022-06-05 21:21:02:212 [32minfo[39m: 	[32mConnected[39m
2022-06-05 21:21:02:212 [32minfo[39m: 	[32m#######################[39m
2022-06-05 21:21:02:212 [32minfo[39m: 	[32m#######################[39m
2022-06-05 21:21:02:212 [32minfo[39m: 	[32m###### API REST ######[39m
2022-06-05 21:21:02:212 [32minfo[39m: 	[32m#######################[39m
2022-06-05 21:21:02:212 [32minfo[39m: 	[32m#######################[39m
2022-06-05 21:21:02:212 [32minfo[39m: 	[32mhttp://localhost:3977/api/v1/[39m
2022-06-05 21:21:08:218 [32minfo[39m: 	[32mMONGO_DB_URI mongodb+srv://dani:MongoGnab8841@cluster0.cms2n.mongodb.net/xacometer, MONGO_DB_URI_TEST, NODE_ENV[39m
2022-06-05 21:21:09:219 [32minfo[39m: 	[32mConnected[39m
2022-06-05 21:21:09:219 [32minfo[39m: 	[32m#######################[39m
2022-06-05 21:21:09:219 [32minfo[39m: 	[32m#######################[39m
2022-06-05 21:21:09:219 [32minfo[39m: 	[32m###### API REST ######[39m
2022-06-05 21:21:09:219 [32minfo[39m: 	[32m#######################[39m
2022-06-05 21:21:09:219 [32minfo[39m: 	[32m#######################[39m
2022-06-05 21:21:09:219 [32minfo[39m: 	[32mhttp://localhost:3977/api/v1/[39m
2022-06-05 21:21:16:2116 [32minfo[39m: 	[32mMONGO_DB_URI mongodb+srv://dani:MongoGnab8841@cluster0.cms2n.mongodb.net/xacometer, MONGO_DB_URI_TEST, NODE_ENV[39m
2022-06-05 21:21:16:2116 [32minfo[39m: 	[32mConnected[39m
2022-06-05 21:21:16:2116 [32minfo[39m: 	[32m#######################[39m
2022-06-05 21:21:16:2116 [32minfo[39m: 	[32m#######################[39m
2022-06-05 21:21:16:2116 [32minfo[39m: 	[32m###### API REST ######[39m
2022-06-05 21:21:16:2116 [32minfo[39m: 	[32m#######################[39m
2022-06-05 21:21:16:2116 [32minfo[39m: 	[32m#######################[39m
2022-06-05 21:21:16:2116 [32minfo[39m: 	[32mhttp://localhost:3977/api/v1/[39m
2022-06-05 21:21:18:2118 [32minfo[39m: 	[32mMONGO_DB_URI mongodb+srv://dani:MongoGnab8841@cluster0.cms2n.mongodb.net/xacometer, MONGO_DB_URI_TEST, NODE_ENV[39m
2022-06-05 21:21:18:2118 [32minfo[39m: 	[32mConnected[39m
2022-06-05 21:21:18:2118 [32minfo[39m: 	[32m#######################[39m
2022-06-05 21:21:18:2118 [32minfo[39m: 	[32m#######################[39m
2022-06-05 21:21:18:2118 [32minfo[39m: 	[32m###### API REST ######[39m
2022-06-05 21:21:18:2118 [32minfo[39m: 	[32m#######################[39m
2022-06-05 21:21:18:2118 [32minfo[39m: 	[32m#######################[39m
2022-06-05 21:21:18:2118 [32minfo[39m: 	[32mhttp://localhost:3977/api/v1/[39m
2022-06-05 21:21:47:2147 [32minfo[39m: 	[32mMONGO_DB_URI mongodb+srv://dani:MongoGnab8841@cluster0.cms2n.mongodb.net/xacometer, MONGO_DB_URI_TEST, NODE_ENV[39m
2022-06-05 21:21:47:2147 [32minfo[39m: 	[32mConnected[39m
2022-06-05 21:21:47:2147 [32minfo[39m: 	[32m#######################[39m
2022-06-05 21:21:47:2147 [32minfo[39m: 	[32m#######################[39m
2022-06-05 21:21:47:2147 [32minfo[39m: 	[32m###### API REST ######[39m
2022-06-05 21:21:47:2147 [32minfo[39m: 	[32m#######################[39m
2022-06-05 21:21:47:2147 [32minfo[39m: 	[32m#######################[39m
2022-06-05 21:21:47:2147 [32minfo[39m: 	[32mhttp://localhost:3977/api/v1/[39m
2022-06-05 21:22:20:2220 [32minfo[39m: 	[32mMONGO_DB_URI mongodb+srv://dani:MongoGnab8841@cluster0.cms2n.mongodb.net/xacometer, MONGO_DB_URI_TEST, NODE_ENV[39m
2022-06-05 21:22:20:2220 [32minfo[39m: 	[32mConnected[39m
2022-06-05 21:22:20:2220 [32minfo[39m: 	[32m#######################[39m
2022-06-05 21:22:20:2220 [32minfo[39m: 	[32m#######################[39m
2022-06-05 21:22:20:2220 [32minfo[39m: 	[32m###### API REST ######[39m
2022-06-05 21:22:20:2220 [32minfo[39m: 	[32m#######################[39m
2022-06-05 21:22:20:2220 [32minfo[39m: 	[32m#######################[39m
2022-06-05 21:22:20:2220 [32minfo[39m: 	[32mhttp://localhost:3977/api/v1/[39m
2022-06-05 21:22:43:2243 [32minfo[39m: 	[32mMONGO_DB_URI mongodb+srv://dani:MongoGnab8841@cluster0.cms2n.mongodb.net/xacometer, MONGO_DB_URI_TEST, NODE_ENV[39m
2022-06-05 21:22:43:2243 [32minfo[39m: 	[32mConnected[39m
2022-06-05 21:22:43:2243 [32minfo[39m: 	[32m#######################[39m
2022-06-05 21:22:43:2243 [32minfo[39m: 	[32m#######################[39m
2022-06-05 21:22:43:2243 [32minfo[39m: 	[32m###### API REST ######[39m
2022-06-05 21:22:43:2243 [32minfo[39m: 	[32m#######################[39m
2022-06-05 21:22:43:2243 [32minfo[39m: 	[32m#######################[39m
2022-06-05 21:22:43:2243 [32minfo[39m: 	[32mhttp://localhost:3977/api/v1/[39m
2022-06-05 21:22:49:2249 [32minfo[39m: 	[32mMONGO_DB_URI mongodb+srv://dani:MongoGnab8841@cluster0.cms2n.mongodb.net/xacometer, MONGO_DB_URI_TEST, NODE_ENV[39m
2022-06-05 21:22:50:2250 [32minfo[39m: 	[32mConnected[39m
2022-06-05 21:22:50:2250 [32minfo[39m: 	[32m#######################[39m
2022-06-05 21:22:50:2250 [32minfo[39m: 	[32m#######################[39m
2022-06-05 21:22:50:2250 [32minfo[39m: 	[32m###### API REST ######[39m
2022-06-05 21:22:50:2250 [32minfo[39m: 	[32m#######################[39m
2022-06-05 21:22:50:2250 [32minfo[39m: 	[32m#######################[39m
2022-06-05 21:22:50:2250 [32minfo[39m: 	[32mhttp://localhost:3977/api/v1/[39m
2022-06-05 21:24:10:2410 [32minfo[39m: 	[32mMONGO_DB_URI mongodb+srv://dani:MongoGnab8841@cluster0.cms2n.mongodb.net/xacometer, MONGO_DB_URI_TEST, NODE_ENV[39m
2022-06-05 21:24:10:2410 [32minfo[39m: 	[32mConnected[39m
2022-06-05 21:24:10:2410 [32minfo[39m: 	[32m#######################[39m
2022-06-05 21:24:10:2410 [32minfo[39m: 	[32m#######################[39m
2022-06-05 21:24:10:2410 [32minfo[39m: 	[32m###### API REST ######[39m
2022-06-05 21:24:10:2410 [32minfo[39m: 	[32m#######################[39m
2022-06-05 21:24:10:2410 [32minfo[39m: 	[32m#######################[39m
2022-06-05 21:24:10:2410 [32minfo[39m: 	[32mhttp://localhost:3977/api/v1/[39m
2022-06-05 21:24:15:2415 [32minfo[39m: 	[32mMONGO_DB_URI mongodb+srv://dani:MongoGnab8841@cluster0.cms2n.mongodb.net/xacometer, MONGO_DB_URI_TEST, NODE_ENV[39m
2022-06-05 21:24:15:2415 [32minfo[39m: 	[32mConnected[39m
2022-06-05 21:24:15:2415 [32minfo[39m: 	[32m#######################[39m
2022-06-05 21:24:15:2415 [32minfo[39m: 	[32m#######################[39m
2022-06-05 21:24:15:2415 [32minfo[39m: 	[32m###### API REST ######[39m
2022-06-05 21:24:15:2415 [32minfo[39m: 	[32m#######################[39m
2022-06-05 21:24:15:2415 [32minfo[39m: 	[32m#######################[39m
2022-06-05 21:24:15:2415 [32minfo[39m: 	[32mhttp://localhost:3977/api/v1/[39m
2022-06-05 21:25:35:2535 [32minfo[39m: 	[32mMONGO_DB_URI mongodb+srv://dani:MongoGnab8841@cluster0.cms2n.mongodb.net/xacometer, MONGO_DB_URI_TEST, NODE_ENV[39m
2022-06-05 21:25:35:2535 [32minfo[39m: 	[32mConnected[39m
2022-06-05 21:25:35:2535 [32minfo[39m: 	[32m#######################[39m
2022-06-05 21:25:35:2535 [32minfo[39m: 	[32m#######################[39m
2022-06-05 21:25:35:2535 [32minfo[39m: 	[32m###### API REST ######[39m
2022-06-05 21:25:35:2535 [32minfo[39m: 	[32m#######################[39m
2022-06-05 21:25:35:2535 [32minfo[39m: 	[32m#######################[39m
2022-06-05 21:25:35:2535 [32minfo[39m: 	[32mhttp://localhost:3977/api/v1/[39m
2022-06-07 01:48:44:4844 [32minfo[39m: 	[32mMONGO_DB_URI mongodb+srv://dani:MongoGnab8841@cluster0.cms2n.mongodb.net/xacometer, MONGO_DB_URI_TEST, NODE_ENV[39m
2022-06-07 01:48:44:4844 [32minfo[39m: 	[32mConnected[39m
2022-06-07 01:48:44:4844 [32minfo[39m: 	[32m#######################[39m
2022-06-07 01:48:44:4844 [32minfo[39m: 	[32m#######################[39m
2022-06-07 01:48:44:4844 [32minfo[39m: 	[32m###### API REST ######[39m
2022-06-07 01:48:44:4844 [32minfo[39m: 	[32m#######################[39m
2022-06-07 01:48:44:4844 [32minfo[39m: 	[32m#######################[39m
2022-06-07 01:48:44:4844 [32minfo[39m: 	[32mhttp://localhost:3977/api/v1/[39m
2022-06-07 02:02:27:227 [32minfo[39m: 	[32mMONGO_DB_URI mongodb+srv://dani:MongoGnab8841@cluster0.cms2n.mongodb.net/xacometer, MONGO_DB_URI_TEST, NODE_ENV[39m
2022-06-07 02:02:27:227 [32minfo[39m: 	[32mConnected[39m
2022-06-07 02:02:27:227 [32minfo[39m: 	[32m#######################[39m
2022-06-07 02:02:27:227 [32minfo[39m: 	[32m#######################[39m
2022-06-07 02:02:27:227 [32minfo[39m: 	[32m###### API REST ######[39m
2022-06-07 02:02:27:227 [32minfo[39m: 	[32m#######################[39m
2022-06-07 02:02:27:227 [32minfo[39m: 	[32m#######################[39m
2022-06-07 02:02:27:227 [32minfo[39m: 	[32mhttp://localhost:3977/api/v1/[39m
2022-06-07 02:02:29:229 [32minfo[39m: 	[32mMONGO_DB_URI mongodb+srv://dani:MongoGnab8841@cluster0.cms2n.mongodb.net/xacometer, MONGO_DB_URI_TEST, NODE_ENV[39m
2022-06-07 02:02:29:229 [32minfo[39m: 	[32mConnected[39m
2022-06-07 02:02:29:229 [32minfo[39m: 	[32m#######################[39m
2022-06-07 02:02:29:229 [32minfo[39m: 	[32m#######################[39m
2022-06-07 02:02:29:229 [32minfo[39m: 	[32m###### API REST ######[39m
2022-06-07 02:02:29:229 [32minfo[39m: 	[32m#######################[39m
2022-06-07 02:02:29:229 [32minfo[39m: 	[32m#######################[39m
2022-06-07 02:02:29:229 [32minfo[39m: 	[32mhttp://localhost:3977/api/v1/[39m
2022-06-07 02:02:32:232 [32minfo[39m: 	[32mMONGO_DB_URI mongodb+srv://dani:MongoGnab8841@cluster0.cms2n.mongodb.net/xacometer, MONGO_DB_URI_TEST, NODE_ENV[39m
2022-06-07 02:02:33:233 [32minfo[39m: 	[32mConnected[39m
2022-06-07 02:02:33:233 [32minfo[39m: 	[32m#######################[39m
2022-06-07 02:02:33:233 [32minfo[39m: 	[32m#######################[39m
2022-06-07 02:02:33:233 [32minfo[39m: 	[32m###### API REST ######[39m
2022-06-07 02:02:33:233 [32minfo[39m: 	[32m#######################[39m
2022-06-07 02:02:33:233 [32minfo[39m: 	[32m#######################[39m
2022-06-07 02:02:33:233 [32minfo[39m: 	[32mhttp://localhost:3977/api/v1/[39m
2022-06-07 02:02:39:239 [32minfo[39m: 	[32mMONGO_DB_URI mongodb+srv://dani:MongoGnab8841@cluster0.cms2n.mongodb.net/xacometer, MONGO_DB_URI_TEST, NODE_ENV[39m
2022-06-07 02:02:40:240 [32minfo[39m: 	[32mConnected[39m
2022-06-07 02:02:40:240 [32minfo[39m: 	[32m#######################[39m
2022-06-07 02:02:40:240 [32minfo[39m: 	[32m#######################[39m
2022-06-07 02:02:40:240 [32minfo[39m: 	[32m###### API REST ######[39m
2022-06-07 02:02:40:240 [32minfo[39m: 	[32m#######################[39m
2022-06-07 02:02:40:240 [32minfo[39m: 	[32m#######################[39m
2022-06-07 02:02:40:240 [32minfo[39m: 	[32mhttp://localhost:3977/api/v1/[39m
2022-06-07 02:02:45:245 [32minfo[39m: 	[32mMONGO_DB_URI mongodb+srv://dani:MongoGnab8841@cluster0.cms2n.mongodb.net/xacometer, MONGO_DB_URI_TEST, NODE_ENV[39m
2022-06-07 02:02:46:246 [32minfo[39m: 	[32mConnected[39m
2022-06-07 02:02:46:246 [32minfo[39m: 	[32m#######################[39m
2022-06-07 02:02:46:246 [32minfo[39m: 	[32m#######################[39m
2022-06-07 02:02:46:246 [32minfo[39m: 	[32m###### API REST ######[39m
2022-06-07 02:02:46:246 [32minfo[39m: 	[32m#######################[39m
2022-06-07 02:02:46:246 [32minfo[39m: 	[32m#######################[39m
2022-06-07 02:02:46:246 [32minfo[39m: 	[32mhttp://localhost:3977/api/v1/[39m
2022-06-07 02:04:27:427 [32minfo[39m: 	[32mMONGO_DB_URI mongodb+srv://dani:MongoGnab8841@cluster0.cms2n.mongodb.net/xacometer, MONGO_DB_URI_TEST, NODE_ENV[39m
2022-06-07 02:04:27:427 [32minfo[39m: 	[32mConnected[39m
2022-06-07 02:04:27:427 [32minfo[39m: 	[32m#######################[39m
2022-06-07 02:04:27:427 [32minfo[39m: 	[32m#######################[39m
2022-06-07 02:04:27:427 [32minfo[39m: 	[32m###### API REST ######[39m
2022-06-07 02:04:27:427 [32minfo[39m: 	[32m#######################[39m
2022-06-07 02:04:27:427 [32minfo[39m: 	[32m#######################[39m
2022-06-07 02:04:27:427 [32minfo[39m: 	[32mhttp://localhost:3977/api/v1/[39m
2022-06-07 02:04:50:450 [32minfo[39m: 	[32mMONGO_DB_URI mongodb+srv://dani:MongoGnab8841@cluster0.cms2n.mongodb.net/xacometer, MONGO_DB_URI_TEST, NODE_ENV[39m
2022-06-07 02:04:51:451 [32minfo[39m: 	[32mConnected[39m
2022-06-07 02:04:51:451 [32minfo[39m: 	[32m#######################[39m
2022-06-07 02:04:51:451 [32minfo[39m: 	[32m#######################[39m
2022-06-07 02:04:51:451 [32minfo[39m: 	[32m###### API REST ######[39m
2022-06-07 02:04:51:451 [32minfo[39m: 	[32m#######################[39m
2022-06-07 02:04:51:451 [32minfo[39m: 	[32m#######################[39m
2022-06-07 02:04:51:451 [32minfo[39m: 	[32mhttp://localhost:3977/api/v1/[39m
2022-06-09 02:17:53:1753 [32minfo[39m: 	[32mMONGO_DB_URI mongodb+srv://dani:MongoGnab8841@cluster0.cms2n.mongodb.net/xacometer, MONGO_DB_URI_TEST, NODE_ENV[39m
2022-06-09 02:17:53:1753 [32minfo[39m: 	[32mConnected[39m
2022-06-09 02:17:53:1753 [32minfo[39m: 	[32m#######################[39m
2022-06-09 02:17:53:1753 [32minfo[39m: 	[32m#######################[39m
2022-06-09 02:17:53:1753 [32minfo[39m: 	[32m###### API REST ######[39m
2022-06-09 02:17:53:1753 [32minfo[39m: 	[32m#######################[39m
2022-06-09 02:17:53:1753 [32minfo[39m: 	[32m#######################[39m
2022-06-09 02:17:53:1753 [32minfo[39m: 	[32mhttp://localhost:3977/api/v1/[39m
2022-06-09 02:19:03:193 [32minfo[39m: 	[32mMONGO_DB_URI mongodb+srv://dani:MongoGnab8841@cluster0.cms2n.mongodb.net/xacometer, MONGO_DB_URI_TEST, NODE_ENV[39m
2022-06-09 02:19:03:193 [32minfo[39m: 	[32mConnected[39m
2022-06-09 02:19:25:1925 [32minfo[39m: 	[32mMONGO_DB_URI mongodb+srv://dani:MongoGnab8841@cluster0.cms2n.mongodb.net/xacometer, MONGO_DB_URI_TEST, NODE_ENV[39m
2022-06-09 02:19:25:1925 [32minfo[39m: 	[32mConnected[39m
2022-06-09 02:19:25:1925 [32minfo[39m: 	[32m#######################[39m
2022-06-09 02:19:25:1925 [32minfo[39m: 	[32m#######################[39m
2022-06-09 02:19:25:1925 [32minfo[39m: 	[32m###### API REST ######[39m
2022-06-09 02:19:25:1925 [32minfo[39m: 	[32m#######################[39m
2022-06-09 02:19:25:1925 [32minfo[39m: 	[32m#######################[39m
2022-06-09 02:19:25:1925 [32minfo[39m: 	[32mhttp://localhost:3977/api/v1/[39m
